17:32:31,751 ERROR DruidDataSource:695 - init datasource error, url: jdbc:jtds:sqlserver://127.0.01:1433/SC_OA
 - [ Timer-1:5914 ]java.sql.SQLException: 用户 'sa' 登录失败。
	at net.sourceforge.jtds.jdbc.SQLDiagnostic.addDiagnostic(SQLDiagnostic.java:368)
	at net.sourceforge.jtds.jdbc.TdsCore.tdsErrorToken(TdsCore.java:2816)
	at net.sourceforge.jtds.jdbc.TdsCore.nextToken(TdsCore.java:2254)
	at net.sourceforge.jtds.jdbc.TdsCore.login(TdsCore.java:602)
	at net.sourceforge.jtds.jdbc.ConnectionJDBC2.<init>(ConnectionJDBC2.java:344)
	at net.sourceforge.jtds.jdbc.ConnectionJDBC3.<init>(ConnectionJDBC3.java:50)
	at net.sourceforge.jtds.jdbc.Driver.connect(Driver.java:182)
	at com.alibaba.druid.filter.FilterChainImpl.connection_connect(FilterChainImpl.java:148)
	at com.alibaba.druid.filter.stat.StatFilter.connection_connect(StatFilter.java:211)
	at com.alibaba.druid.filter.FilterChainImpl.connection_connect(FilterChainImpl.java:142)
	at com.alibaba.druid.pool.DruidAbstractDataSource.createPhysicalConnection(DruidAbstractDataSource.java:1410)
	at com.alibaba.druid.pool.DruidAbstractDataSource.createPhysicalConnection(DruidAbstractDataSource.java:1464)
	at com.alibaba.druid.pool.DruidDataSource.init(DruidDataSource.java:684)
	at com.alibaba.druid.pool.DruidDataSource.getConnection(DruidDataSource.java:991)
	at com.alibaba.druid.pool.DruidDataSource.getConnection(DruidDataSource.java:987)
	at com.alibaba.druid.pool.DruidDataSource.getConnection(DruidDataSource.java:103)
	at cn.myapps.base.ejb.AbstractRunTimeProcessBean.getConnection(AbstractRunTimeProcessBean.java:333)
	at cn.myapps.core.dynaform.document.ejb.DocumentProcessBean.getDAO(DocumentProcessBean.java:1010)
	at cn.myapps.protection.util.WarpProcessFactory$WarpDocumentProcessBean.getDAO(WarpProcessFactory.java:673)
	at cn.myapps.core.dynaform.document.ejb.DocumentProcessBean.queryBySQL(DocumentProcessBean.java:1917)
	at sun.reflect.NativeMethodAccessorImpl.invoke0(Native Method)
	at sun.reflect.NativeMethodAccessorImpl.invoke(NativeMethodAccessorImpl.java:57)
	at sun.reflect.DelegatingMethodAccessorImpl.invoke(DelegatingMethodAccessorImpl.java:43)
	at java.lang.reflect.Method.invoke(Method.java:601)
	at org.mozilla.javascript.MemberBox.invoke(MemberBox.java:155)
	at org.mozilla.javascript.NativeJavaMethod.call(NativeJavaMethod.java:243)
	at org.mozilla.javascript.optimizer.OptRuntime.call2(OptRuntime.java:76)
	at org.mozilla.javascript.gen.c25._c0(TASK(11e6-7d3f-5d2adb26-ad19-33b9c2d18b7b).任务派单超时.TaskScript:7)
	at org.mozilla.javascript.gen.c25.call(TASK(11e6-7d3f-5d2adb26-ad19-33b9c2d18b7b).任务派单超时.TaskScript)
	at org.mozilla.javascript.ContextFactory.doTopCall(ContextFactory.java:393)
	at org.mozilla.javascript.ScriptRuntime.doTopCall(ScriptRuntime.java:2834)
	at org.mozilla.javascript.gen.c25.call(TASK(11e6-7d3f-5d2adb26-ad19-33b9c2d18b7b).任务派单超时.TaskScript)
	at org.mozilla.javascript.gen.c25.exec(TASK(11e6-7d3f-5d2adb26-ad19-33b9c2d18b7b).任务派单超时.TaskScript)
	at cn.myapps.core.macro.runner.JavaScriptRunner.run(JavaScriptRunner.java:135)
	at cn.myapps.core.task.ejb.Task.execute(Task.java:582)
	at cn.myapps.util.timer.TimerRunner$1.run(TimerRunner.java:99)
	at java.util.TimerThread.mainLoop(Timer.java:555)
	at java.util.TimerThread.run(Timer.java:505)
17:32:31,840 ERROR DruidDataSource:713 - {dataSource-5} init error
 - [ Timer-1:6003 ]java.sql.SQLException: 用户 'sa' 登录失败。
	at net.sourceforge.jtds.jdbc.SQLDiagnostic.addDiagnostic(SQLDiagnostic.java:368)
	at net.sourceforge.jtds.jdbc.TdsCore.tdsErrorToken(TdsCore.java:2816)
	at net.sourceforge.jtds.jdbc.TdsCore.nextToken(TdsCore.java:2254)
	at net.sourceforge.jtds.jdbc.TdsCore.login(TdsCore.java:602)
	at net.sourceforge.jtds.jdbc.ConnectionJDBC2.<init>(ConnectionJDBC2.java:344)
	at net.sourceforge.jtds.jdbc.ConnectionJDBC3.<init>(ConnectionJDBC3.java:50)
	at net.sourceforge.jtds.jdbc.Driver.connect(Driver.java:182)
	at com.alibaba.druid.filter.FilterChainImpl.connection_connect(FilterChainImpl.java:148)
	at com.alibaba.druid.filter.stat.StatFilter.connection_connect(StatFilter.java:211)
	at com.alibaba.druid.filter.FilterChainImpl.connection_connect(FilterChainImpl.java:142)
	at com.alibaba.druid.pool.DruidAbstractDataSource.createPhysicalConnection(DruidAbstractDataSource.java:1410)
	at com.alibaba.druid.pool.DruidAbstractDataSource.createPhysicalConnection(DruidAbstractDataSource.java:1464)
	at com.alibaba.druid.pool.DruidDataSource.init(DruidDataSource.java:684)
	at com.alibaba.druid.pool.DruidDataSource.getConnection(DruidDataSource.java:991)
	at com.alibaba.druid.pool.DruidDataSource.getConnection(DruidDataSource.java:987)
	at com.alibaba.druid.pool.DruidDataSource.getConnection(DruidDataSource.java:103)
	at cn.myapps.base.ejb.AbstractRunTimeProcessBean.getConnection(AbstractRunTimeProcessBean.java:333)
	at cn.myapps.core.dynaform.document.ejb.DocumentProcessBean.getDAO(DocumentProcessBean.java:1010)
	at cn.myapps.protection.util.WarpProcessFactory$WarpDocumentProcessBean.getDAO(WarpProcessFactory.java:673)
	at cn.myapps.core.dynaform.document.ejb.DocumentProcessBean.queryBySQL(DocumentProcessBean.java:1917)
	at sun.reflect.NativeMethodAccessorImpl.invoke0(Native Method)
	at sun.reflect.NativeMethodAccessorImpl.invoke(NativeMethodAccessorImpl.java:57)
	at sun.reflect.DelegatingMethodAccessorImpl.invoke(DelegatingMethodAccessorImpl.java:43)
	at java.lang.reflect.Method.invoke(Method.java:601)
	at org.mozilla.javascript.MemberBox.invoke(MemberBox.java:155)
	at org.mozilla.javascript.NativeJavaMethod.call(NativeJavaMethod.java:243)
	at org.mozilla.javascript.optimizer.OptRuntime.call2(OptRuntime.java:76)
	at org.mozilla.javascript.gen.c25._c0(TASK(11e6-7d3f-5d2adb26-ad19-33b9c2d18b7b).任务派单超时.TaskScript:7)
	at org.mozilla.javascript.gen.c25.call(TASK(11e6-7d3f-5d2adb26-ad19-33b9c2d18b7b).任务派单超时.TaskScript)
	at org.mozilla.javascript.ContextFactory.doTopCall(ContextFactory.java:393)
	at org.mozilla.javascript.ScriptRuntime.doTopCall(ScriptRuntime.java:2834)
	at org.mozilla.javascript.gen.c25.call(TASK(11e6-7d3f-5d2adb26-ad19-33b9c2d18b7b).任务派单超时.TaskScript)
	at org.mozilla.javascript.gen.c25.exec(TASK(11e6-7d3f-5d2adb26-ad19-33b9c2d18b7b).任务派单超时.TaskScript)
	at cn.myapps.core.macro.runner.JavaScriptRunner.run(JavaScriptRunner.java:135)
	at cn.myapps.core.task.ejb.Task.execute(Task.java:582)
	at cn.myapps.util.timer.TimerRunner$1.run(TimerRunner.java:99)
	at java.util.TimerThread.mainLoop(Timer.java:555)
	at java.util.TimerThread.run(Timer.java:505)
17:32:31,924 ERROR DruidDataSource:1997 - create connection error, url: jdbc:jtds:sqlserver://127.0.01:1433/SC_OA, errorCode 18456, state 28000
 - [ Druid-ConnectionPool-Create-31786849:6087 ]java.sql.SQLException: 用户 'sa' 登录失败。
	at net.sourceforge.jtds.jdbc.SQLDiagnostic.addDiagnostic(SQLDiagnostic.java:368)
	at net.sourceforge.jtds.jdbc.TdsCore.tdsErrorToken(TdsCore.java:2816)
	at net.sourceforge.jtds.jdbc.TdsCore.nextToken(TdsCore.java:2254)
	at net.sourceforge.jtds.jdbc.TdsCore.login(TdsCore.java:602)
	at net.sourceforge.jtds.jdbc.ConnectionJDBC2.<init>(ConnectionJDBC2.java:344)
	at net.sourceforge.jtds.jdbc.ConnectionJDBC3.<init>(ConnectionJDBC3.java:50)
	at net.sourceforge.jtds.jdbc.Driver.connect(Driver.java:182)
	at com.alibaba.druid.filter.FilterChainImpl.connection_connect(FilterChainImpl.java:148)
	at com.alibaba.druid.filter.stat.StatFilter.connection_connect(StatFilter.java:211)
	at com.alibaba.druid.filter.FilterChainImpl.connection_connect(FilterChainImpl.java:142)
	at com.alibaba.druid.pool.DruidAbstractDataSource.createPhysicalConnection(DruidAbstractDataSource.java:1410)
	at com.alibaba.druid.pool.DruidAbstractDataSource.createPhysicalConnection(DruidAbstractDataSource.java:1464)
	at com.alibaba.druid.pool.DruidDataSource$CreateConnectionThread.run(DruidDataSource.java:1995)
17:32:31,961 ERROR DruidDataSource:1997 - create connection error, url: jdbc:jtds:sqlserver://127.0.01:1433/SC_OA, errorCode 18456, state 28000
 - [ Druid-ConnectionPool-Create-31786849:6124 ]java.sql.SQLException: 用户 'sa' 登录失败。
	at net.sourceforge.jtds.jdbc.SQLDiagnostic.addDiagnostic(SQLDiagnostic.java:368)
	at net.sourceforge.jtds.jdbc.TdsCore.tdsErrorToken(TdsCore.java:2816)
	at net.sourceforge.jtds.jdbc.TdsCore.nextToken(TdsCore.java:2254)
	at net.sourceforge.jtds.jdbc.TdsCore.login(TdsCore.java:602)
	at net.sourceforge.jtds.jdbc.ConnectionJDBC2.<init>(ConnectionJDBC2.java:344)
	at net.sourceforge.jtds.jdbc.ConnectionJDBC3.<init>(ConnectionJDBC3.java:50)
	at net.sourceforge.jtds.jdbc.Driver.connect(Driver.java:182)
	at com.alibaba.druid.filter.FilterChainImpl.connection_connect(FilterChainImpl.java:148)
	at com.alibaba.druid.filter.stat.StatFilter.connection_connect(StatFilter.java:211)
	at com.alibaba.druid.filter.FilterChainImpl.connection_connect(FilterChainImpl.java:142)
	at com.alibaba.druid.pool.DruidAbstractDataSource.createPhysicalConnection(DruidAbstractDataSource.java:1410)
	at com.alibaba.druid.pool.DruidAbstractDataSource.createPhysicalConnection(DruidAbstractDataSource.java:1464)
	at com.alibaba.druid.pool.DruidDataSource$CreateConnectionThread.run(DruidDataSource.java:1995)
17:32:32,002 ERROR DruidDataSource:1997 - create connection error, url: jdbc:jtds:sqlserver://127.0.01:1433/SC_OA, errorCode 18456, state 28000
 - [ Druid-ConnectionPool-Create-31786849:6165 ]java.sql.SQLException: 用户 'sa' 登录失败。
	at net.sourceforge.jtds.jdbc.SQLDiagnostic.addDiagnostic(SQLDiagnostic.java:368)
	at net.sourceforge.jtds.jdbc.TdsCore.tdsErrorToken(TdsCore.java:2816)
	at net.sourceforge.jtds.jdbc.TdsCore.nextToken(TdsCore.java:2254)
	at net.sourceforge.jtds.jdbc.TdsCore.login(TdsCore.java:602)
	at net.sourceforge.jtds.jdbc.ConnectionJDBC2.<init>(ConnectionJDBC2.java:344)
	at net.sourceforge.jtds.jdbc.ConnectionJDBC3.<init>(ConnectionJDBC3.java:50)
	at net.sourceforge.jtds.jdbc.Driver.connect(Driver.java:182)
	at com.alibaba.druid.filter.FilterChainImpl.connection_connect(FilterChainImpl.java:148)
	at com.alibaba.druid.filter.stat.StatFilter.connection_connect(StatFilter.java:211)
	at com.alibaba.druid.filter.FilterChainImpl.connection_connect(FilterChainImpl.java:142)
	at com.alibaba.druid.pool.DruidAbstractDataSource.createPhysicalConnection(DruidAbstractDataSource.java:1410)
	at com.alibaba.druid.pool.DruidAbstractDataSource.createPhysicalConnection(DruidAbstractDataSource.java:1464)
	at com.alibaba.druid.pool.DruidDataSource$CreateConnectionThread.run(DruidDataSource.java:1995)
17:32:32,038 ERROR DruidDataSource:1997 - create connection error, url: jdbc:jtds:sqlserver://127.0.01:1433/SC_OA, errorCode 18456, state 28000
 - [ Druid-ConnectionPool-Create-31786849:6201 ]java.sql.SQLException: 用户 'sa' 登录失败。
	at net.sourceforge.jtds.jdbc.SQLDiagnostic.addDiagnostic(SQLDiagnostic.java:368)
	at net.sourceforge.jtds.jdbc.TdsCore.tdsErrorToken(TdsCore.java:2816)
	at net.sourceforge.jtds.jdbc.TdsCore.nextToken(TdsCore.java:2254)
	at net.sourceforge.jtds.jdbc.TdsCore.login(TdsCore.java:602)
	at net.sourceforge.jtds.jdbc.ConnectionJDBC2.<init>(ConnectionJDBC2.java:344)
	at net.sourceforge.jtds.jdbc.ConnectionJDBC3.<init>(ConnectionJDBC3.java:50)
	at net.sourceforge.jtds.jdbc.Driver.connect(Driver.java:182)
	at com.alibaba.druid.filter.FilterChainImpl.connection_connect(FilterChainImpl.java:148)
	at com.alibaba.druid.filter.stat.StatFilter.connection_connect(StatFilter.java:211)
	at com.alibaba.druid.filter.FilterChainImpl.connection_connect(FilterChainImpl.java:142)
	at com.alibaba.druid.pool.DruidAbstractDataSource.createPhysicalConnection(DruidAbstractDataSource.java:1410)
	at com.alibaba.druid.pool.DruidAbstractDataSource.createPhysicalConnection(DruidAbstractDataSource.java:1464)
	at com.alibaba.druid.pool.DruidDataSource$CreateConnectionThread.run(DruidDataSource.java:1995)
17:32:32,076 ERROR DruidDataSource:1997 - create connection error, url: jdbc:jtds:sqlserver://127.0.01:1433/SC_OA, errorCode 18456, state 28000
 - [ Druid-ConnectionPool-Create-31786849:6239 ]java.sql.SQLException: 用户 'sa' 登录失败。
	at net.sourceforge.jtds.jdbc.SQLDiagnostic.addDiagnostic(SQLDiagnostic.java:368)
	at net.sourceforge.jtds.jdbc.TdsCore.tdsErrorToken(TdsCore.java:2816)
	at net.sourceforge.jtds.jdbc.TdsCore.nextToken(TdsCore.java:2254)
	at net.sourceforge.jtds.jdbc.TdsCore.login(TdsCore.java:602)
	at net.sourceforge.jtds.jdbc.ConnectionJDBC2.<init>(ConnectionJDBC2.java:344)
	at net.sourceforge.jtds.jdbc.ConnectionJDBC3.<init>(ConnectionJDBC3.java:50)
	at net.sourceforge.jtds.jdbc.Driver.connect(Driver.java:182)
	at com.alibaba.druid.filter.FilterChainImpl.connection_connect(FilterChainImpl.java:148)
	at com.alibaba.druid.filter.stat.StatFilter.connection_connect(StatFilter.java:211)
	at com.alibaba.druid.filter.FilterChainImpl.connection_connect(FilterChainImpl.java:142)
	at com.alibaba.druid.pool.DruidAbstractDataSource.createPhysicalConnection(DruidAbstractDataSource.java:1410)
	at com.alibaba.druid.pool.DruidAbstractDataSource.createPhysicalConnection(DruidAbstractDataSource.java:1464)
	at com.alibaba.druid.pool.DruidDataSource$CreateConnectionThread.run(DruidDataSource.java:1995)
17:32:32,115 ERROR DruidDataSource:1997 - create connection error, url: jdbc:jtds:sqlserver://127.0.01:1433/SC_OA, errorCode 18456, state 28000
 - [ Druid-ConnectionPool-Create-31786849:6278 ]java.sql.SQLException: 用户 'sa' 登录失败。
	at net.sourceforge.jtds.jdbc.SQLDiagnostic.addDiagnostic(SQLDiagnostic.java:368)
	at net.sourceforge.jtds.jdbc.TdsCore.tdsErrorToken(TdsCore.java:2816)
	at net.sourceforge.jtds.jdbc.TdsCore.nextToken(TdsCore.java:2254)
	at net.sourceforge.jtds.jdbc.TdsCore.login(TdsCore.java:602)
	at net.sourceforge.jtds.jdbc.ConnectionJDBC2.<init>(ConnectionJDBC2.java:344)
	at net.sourceforge.jtds.jdbc.ConnectionJDBC3.<init>(ConnectionJDBC3.java:50)
	at net.sourceforge.jtds.jdbc.Driver.connect(Driver.java:182)
	at com.alibaba.druid.filter.FilterChainImpl.connection_connect(FilterChainImpl.java:148)
	at com.alibaba.druid.filter.stat.StatFilter.connection_connect(StatFilter.java:211)
	at com.alibaba.druid.filter.FilterChainImpl.connection_connect(FilterChainImpl.java:142)
	at com.alibaba.druid.pool.DruidAbstractDataSource.createPhysicalConnection(DruidAbstractDataSource.java:1410)
	at com.alibaba.druid.pool.DruidAbstractDataSource.createPhysicalConnection(DruidAbstractDataSource.java:1464)
	at com.alibaba.druid.pool.DruidDataSource$CreateConnectionThread.run(DruidDataSource.java:1995)
17:32:32,156 ERROR DruidDataSource:1997 - create connection error, url: jdbc:jtds:sqlserver://127.0.01:1433/SC_OA, errorCode 18456, state 28000
 - [ Druid-ConnectionPool-Create-31786849:6319 ]java.sql.SQLException: 用户 'sa' 登录失败。
	at net.sourceforge.jtds.jdbc.SQLDiagnostic.addDiagnostic(SQLDiagnostic.java:368)
	at net.sourceforge.jtds.jdbc.TdsCore.tdsErrorToken(TdsCore.java:2816)
	at net.sourceforge.jtds.jdbc.TdsCore.nextToken(TdsCore.java:2254)
	at net.sourceforge.jtds.jdbc.TdsCore.login(TdsCore.java:602)
	at net.sourceforge.jtds.jdbc.ConnectionJDBC2.<init>(ConnectionJDBC2.java:344)
	at net.sourceforge.jtds.jdbc.ConnectionJDBC3.<init>(ConnectionJDBC3.java:50)
	at net.sourceforge.jtds.jdbc.Driver.connect(Driver.java:182)
	at com.alibaba.druid.filter.FilterChainImpl.connection_connect(FilterChainImpl.java:148)
	at com.alibaba.druid.filter.stat.StatFilter.connection_connect(StatFilter.java:211)
	at com.alibaba.druid.filter.FilterChainImpl.connection_connect(FilterChainImpl.java:142)
	at com.alibaba.druid.pool.DruidAbstractDataSource.createPhysicalConnection(DruidAbstractDataSource.java:1410)
	at com.alibaba.druid.pool.DruidAbstractDataSource.createPhysicalConnection(DruidAbstractDataSource.java:1464)
	at com.alibaba.druid.pool.DruidDataSource$CreateConnectionThread.run(DruidDataSource.java:1995)
17:32:32,192 ERROR DruidDataSource:1997 - create connection error, url: jdbc:jtds:sqlserver://127.0.01:1433/SC_OA, errorCode 18456, state 28000
 - [ Druid-ConnectionPool-Create-31786849:6355 ]java.sql.SQLException: 用户 'sa' 登录失败。
	at net.sourceforge.jtds.jdbc.SQLDiagnostic.addDiagnostic(SQLDiagnostic.java:368)
	at net.sourceforge.jtds.jdbc.TdsCore.tdsErrorToken(TdsCore.java:2816)
	at net.sourceforge.jtds.jdbc.TdsCore.nextToken(TdsCore.java:2254)
	at net.sourceforge.jtds.jdbc.TdsCore.login(TdsCore.java:602)
	at net.sourceforge.jtds.jdbc.ConnectionJDBC2.<init>(ConnectionJDBC2.java:344)
	at net.sourceforge.jtds.jdbc.ConnectionJDBC3.<init>(ConnectionJDBC3.java:50)
	at net.sourceforge.jtds.jdbc.Driver.connect(Driver.java:182)
	at com.alibaba.druid.filter.FilterChainImpl.connection_connect(FilterChainImpl.java:148)
	at com.alibaba.druid.filter.stat.StatFilter.connection_connect(StatFilter.java:211)
	at com.alibaba.druid.filter.FilterChainImpl.connection_connect(FilterChainImpl.java:142)
	at com.alibaba.druid.pool.DruidAbstractDataSource.createPhysicalConnection(DruidAbstractDataSource.java:1410)
	at com.alibaba.druid.pool.DruidAbstractDataSource.createPhysicalConnection(DruidAbstractDataSource.java:1464)
	at com.alibaba.druid.pool.DruidDataSource$CreateConnectionThread.run(DruidDataSource.java:1995)
17:32:32,224 ERROR DruidDataSource:1997 - create connection error, url: jdbc:jtds:sqlserver://127.0.01:1433/SC_OA, errorCode 18456, state 28000
 - [ Druid-ConnectionPool-Create-31786849:6387 ]java.sql.SQLException: 用户 'sa' 登录失败。
	at net.sourceforge.jtds.jdbc.SQLDiagnostic.addDiagnostic(SQLDiagnostic.java:368)
	at net.sourceforge.jtds.jdbc.TdsCore.tdsErrorToken(TdsCore.java:2816)
	at net.sourceforge.jtds.jdbc.TdsCore.nextToken(TdsCore.java:2254)
	at net.sourceforge.jtds.jdbc.TdsCore.login(TdsCore.java:602)
	at net.sourceforge.jtds.jdbc.ConnectionJDBC2.<init>(ConnectionJDBC2.java:344)
	at net.sourceforge.jtds.jdbc.ConnectionJDBC3.<init>(ConnectionJDBC3.java:50)
	at net.sourceforge.jtds.jdbc.Driver.connect(Driver.java:182)
	at com.alibaba.druid.filter.FilterChainImpl.connection_connect(FilterChainImpl.java:148)
	at com.alibaba.druid.filter.stat.StatFilter.connection_connect(StatFilter.java:211)
	at com.alibaba.druid.filter.FilterChainImpl.connection_connect(FilterChainImpl.java:142)
	at com.alibaba.druid.pool.DruidAbstractDataSource.createPhysicalConnection(DruidAbstractDataSource.java:1410)
	at com.alibaba.druid.pool.DruidAbstractDataSource.createPhysicalConnection(DruidAbstractDataSource.java:1464)
	at com.alibaba.druid.pool.DruidDataSource$CreateConnectionThread.run(DruidDataSource.java:1995)
17:32:32,261 ERROR DruidDataSource:1997 - create connection error, url: jdbc:jtds:sqlserver://127.0.01:1433/SC_OA, errorCode 18456, state 28000
 - [ Druid-ConnectionPool-Create-31786849:6424 ]java.sql.SQLException: 用户 'sa' 登录失败。
	at net.sourceforge.jtds.jdbc.SQLDiagnostic.addDiagnostic(SQLDiagnostic.java:368)
	at net.sourceforge.jtds.jdbc.TdsCore.tdsErrorToken(TdsCore.java:2816)
	at net.sourceforge.jtds.jdbc.TdsCore.nextToken(TdsCore.java:2254)
	at net.sourceforge.jtds.jdbc.TdsCore.login(TdsCore.java:602)
	at net.sourceforge.jtds.jdbc.ConnectionJDBC2.<init>(ConnectionJDBC2.java:344)
	at net.sourceforge.jtds.jdbc.ConnectionJDBC3.<init>(ConnectionJDBC3.java:50)
	at net.sourceforge.jtds.jdbc.Driver.connect(Driver.java:182)
	at com.alibaba.druid.filter.FilterChainImpl.connection_connect(FilterChainImpl.java:148)
	at com.alibaba.druid.filter.stat.StatFilter.connection_connect(StatFilter.java:211)
	at com.alibaba.druid.filter.FilterChainImpl.connection_connect(FilterChainImpl.java:142)
	at com.alibaba.druid.pool.DruidAbstractDataSource.createPhysicalConnection(DruidAbstractDataSource.java:1410)
	at com.alibaba.druid.pool.DruidAbstractDataSource.createPhysicalConnection(DruidAbstractDataSource.java:1464)
	at com.alibaba.druid.pool.DruidDataSource$CreateConnectionThread.run(DruidDataSource.java:1995)
17:32:32,298 ERROR DruidDataSource:1997 - create connection error, url: jdbc:jtds:sqlserver://127.0.01:1433/SC_OA, errorCode 18456, state 28000
 - [ Druid-ConnectionPool-Create-31786849:6461 ]java.sql.SQLException: 用户 'sa' 登录失败。
	at net.sourceforge.jtds.jdbc.SQLDiagnostic.addDiagnostic(SQLDiagnostic.java:368)
	at net.sourceforge.jtds.jdbc.TdsCore.tdsErrorToken(TdsCore.java:2816)
	at net.sourceforge.jtds.jdbc.TdsCore.nextToken(TdsCore.java:2254)
	at net.sourceforge.jtds.jdbc.TdsCore.login(TdsCore.java:602)
	at net.sourceforge.jtds.jdbc.ConnectionJDBC2.<init>(ConnectionJDBC2.java:344)
	at net.sourceforge.jtds.jdbc.ConnectionJDBC3.<init>(ConnectionJDBC3.java:50)
	at net.sourceforge.jtds.jdbc.Driver.connect(Driver.java:182)
	at com.alibaba.druid.filter.FilterChainImpl.connection_connect(FilterChainImpl.java:148)
	at com.alibaba.druid.filter.stat.StatFilter.connection_connect(StatFilter.java:211)
	at com.alibaba.druid.filter.FilterChainImpl.connection_connect(FilterChainImpl.java:142)
	at com.alibaba.druid.pool.DruidAbstractDataSource.createPhysicalConnection(DruidAbstractDataSource.java:1410)
	at com.alibaba.druid.pool.DruidAbstractDataSource.createPhysicalConnection(DruidAbstractDataSource.java:1464)
	at com.alibaba.druid.pool.DruidDataSource$CreateConnectionThread.run(DruidDataSource.java:1995)
17:32:32,349 ERROR DruidDataSource:1997 - create connection error, url: jdbc:jtds:sqlserver://127.0.01:1433/SC_OA, errorCode 18456, state 28000
 - [ Druid-ConnectionPool-Create-31786849:6512 ]java.sql.SQLException: 用户 'sa' 登录失败。
	at net.sourceforge.jtds.jdbc.SQLDiagnostic.addDiagnostic(SQLDiagnostic.java:368)
	at net.sourceforge.jtds.jdbc.TdsCore.tdsErrorToken(TdsCore.java:2816)
	at net.sourceforge.jtds.jdbc.TdsCore.nextToken(TdsCore.java:2254)
	at net.sourceforge.jtds.jdbc.TdsCore.login(TdsCore.java:602)
	at net.sourceforge.jtds.jdbc.ConnectionJDBC2.<init>(ConnectionJDBC2.java:344)
	at net.sourceforge.jtds.jdbc.ConnectionJDBC3.<init>(ConnectionJDBC3.java:50)
	at net.sourceforge.jtds.jdbc.Driver.connect(Driver.java:182)
	at com.alibaba.druid.filter.FilterChainImpl.connection_connect(FilterChainImpl.java:148)
	at com.alibaba.druid.filter.stat.StatFilter.connection_connect(StatFilter.java:211)
	at com.alibaba.druid.filter.FilterChainImpl.connection_connect(FilterChainImpl.java:142)
	at com.alibaba.druid.pool.DruidAbstractDataSource.createPhysicalConnection(DruidAbstractDataSource.java:1410)
	at com.alibaba.druid.pool.DruidAbstractDataSource.createPhysicalConnection(DruidAbstractDataSource.java:1464)
	at com.alibaba.druid.pool.DruidDataSource$CreateConnectionThread.run(DruidDataSource.java:1995)
17:32:32,386 ERROR DruidDataSource:1997 - create connection error, url: jdbc:jtds:sqlserver://127.0.01:1433/SC_OA, errorCode 18456, state 28000
 - [ Druid-ConnectionPool-Create-31786849:6549 ]java.sql.SQLException: 用户 'sa' 登录失败。
	at net.sourceforge.jtds.jdbc.SQLDiagnostic.addDiagnostic(SQLDiagnostic.java:368)
	at net.sourceforge.jtds.jdbc.TdsCore.tdsErrorToken(TdsCore.java:2816)
	at net.sourceforge.jtds.jdbc.TdsCore.nextToken(TdsCore.java:2254)
	at net.sourceforge.jtds.jdbc.TdsCore.login(TdsCore.java:602)
	at net.sourceforge.jtds.jdbc.ConnectionJDBC2.<init>(ConnectionJDBC2.java:344)
	at net.sourceforge.jtds.jdbc.ConnectionJDBC3.<init>(ConnectionJDBC3.java:50)
	at net.sourceforge.jtds.jdbc.Driver.connect(Driver.java:182)
	at com.alibaba.druid.filter.FilterChainImpl.connection_connect(FilterChainImpl.java:148)
	at com.alibaba.druid.filter.stat.StatFilter.connection_connect(StatFilter.java:211)
	at com.alibaba.druid.filter.FilterChainImpl.connection_connect(FilterChainImpl.java:142)
	at com.alibaba.druid.pool.DruidAbstractDataSource.createPhysicalConnection(DruidAbstractDataSource.java:1410)
	at com.alibaba.druid.pool.DruidAbstractDataSource.createPhysicalConnection(DruidAbstractDataSource.java:1464)
	at com.alibaba.druid.pool.DruidDataSource$CreateConnectionThread.run(DruidDataSource.java:1995)
17:32:32,419 ERROR DruidDataSource:1997 - create connection error, url: jdbc:jtds:sqlserver://127.0.01:1433/SC_OA, errorCode 18456, state 28000
 - [ Druid-ConnectionPool-Create-31786849:6582 ]java.sql.SQLException: 用户 'sa' 登录失败。
	at net.sourceforge.jtds.jdbc.SQLDiagnostic.addDiagnostic(SQLDiagnostic.java:368)
	at net.sourceforge.jtds.jdbc.TdsCore.tdsErrorToken(TdsCore.java:2816)
	at net.sourceforge.jtds.jdbc.TdsCore.nextToken(TdsCore.java:2254)
	at net.sourceforge.jtds.jdbc.TdsCore.login(TdsCore.java:602)
	at net.sourceforge.jtds.jdbc.ConnectionJDBC2.<init>(ConnectionJDBC2.java:344)
	at net.sourceforge.jtds.jdbc.ConnectionJDBC3.<init>(ConnectionJDBC3.java:50)
	at net.sourceforge.jtds.jdbc.Driver.connect(Driver.java:182)
	at com.alibaba.druid.filter.FilterChainImpl.connection_connect(FilterChainImpl.java:148)
	at com.alibaba.druid.filter.stat.StatFilter.connection_connect(StatFilter.java:211)
	at com.alibaba.druid.filter.FilterChainImpl.connection_connect(FilterChainImpl.java:142)
	at com.alibaba.druid.pool.DruidAbstractDataSource.createPhysicalConnection(DruidAbstractDataSource.java:1410)
	at com.alibaba.druid.pool.DruidAbstractDataSource.createPhysicalConnection(DruidAbstractDataSource.java:1464)
	at com.alibaba.druid.pool.DruidDataSource$CreateConnectionThread.run(DruidDataSource.java:1995)
17:32:32,456 ERROR DruidDataSource:1997 - create connection error, url: jdbc:jtds:sqlserver://127.0.01:1433/SC_OA, errorCode 18456, state 28000
 - [ Druid-ConnectionPool-Create-31786849:6619 ]java.sql.SQLException: 用户 'sa' 登录失败。
	at net.sourceforge.jtds.jdbc.SQLDiagnostic.addDiagnostic(SQLDiagnostic.java:368)
	at net.sourceforge.jtds.jdbc.TdsCore.tdsErrorToken(TdsCore.java:2816)
	at net.sourceforge.jtds.jdbc.TdsCore.nextToken(TdsCore.java:2254)
	at net.sourceforge.jtds.jdbc.TdsCore.login(TdsCore.java:602)
	at net.sourceforge.jtds.jdbc.ConnectionJDBC2.<init>(ConnectionJDBC2.java:344)
	at net.sourceforge.jtds.jdbc.ConnectionJDBC3.<init>(ConnectionJDBC3.java:50)
	at net.sourceforge.jtds.jdbc.Driver.connect(Driver.java:182)
	at com.alibaba.druid.filter.FilterChainImpl.connection_connect(FilterChainImpl.java:148)
	at com.alibaba.druid.filter.stat.StatFilter.connection_connect(StatFilter.java:211)
	at com.alibaba.druid.filter.FilterChainImpl.connection_connect(FilterChainImpl.java:142)
	at com.alibaba.druid.pool.DruidAbstractDataSource.createPhysicalConnection(DruidAbstractDataSource.java:1410)
	at com.alibaba.druid.pool.DruidAbstractDataSource.createPhysicalConnection(DruidAbstractDataSource.java:1464)
	at com.alibaba.druid.pool.DruidDataSource$CreateConnectionThread.run(DruidDataSource.java:1995)
17:32:32,495 ERROR DruidDataSource:1997 - create connection error, url: jdbc:jtds:sqlserver://127.0.01:1433/SC_OA, errorCode 18456, state 28000
 - [ Druid-ConnectionPool-Create-31786849:6658 ]java.sql.SQLException: 用户 'sa' 登录失败。
	at net.sourceforge.jtds.jdbc.SQLDiagnostic.addDiagnostic(SQLDiagnostic.java:368)
	at net.sourceforge.jtds.jdbc.TdsCore.tdsErrorToken(TdsCore.java:2816)
	at net.sourceforge.jtds.jdbc.TdsCore.nextToken(TdsCore.java:2254)
	at net.sourceforge.jtds.jdbc.TdsCore.login(TdsCore.java:602)
	at net.sourceforge.jtds.jdbc.ConnectionJDBC2.<init>(ConnectionJDBC2.java:344)
	at net.sourceforge.jtds.jdbc.ConnectionJDBC3.<init>(ConnectionJDBC3.java:50)
	at net.sourceforge.jtds.jdbc.Driver.connect(Driver.java:182)
	at com.alibaba.druid.filter.FilterChainImpl.connection_connect(FilterChainImpl.java:148)
	at com.alibaba.druid.filter.stat.StatFilter.connection_connect(StatFilter.java:211)
	at com.alibaba.druid.filter.FilterChainImpl.connection_connect(FilterChainImpl.java:142)
	at com.alibaba.druid.pool.DruidAbstractDataSource.createPhysicalConnection(DruidAbstractDataSource.java:1410)
	at com.alibaba.druid.pool.DruidAbstractDataSource.createPhysicalConnection(DruidAbstractDataSource.java:1464)
	at com.alibaba.druid.pool.DruidDataSource$CreateConnectionThread.run(DruidDataSource.java:1995)
17:32:32,528  WARN Task:585 - Run TaskScript Error: JavaScriptRunning:[TASK(11e6-7d3f-5d2adb26-ad19-33b9c2d18b7b).任务派单超时.TaskScript]: Wrapped java.sql.SQLException: 用户 'sa' 登录失败。 (11e6-7d3f-5d2adb26-ad19-33b9c2d18b7b).任务派单超时.TaskScript#7)
 - [ Timer-1:6691 ]17:32:32,535 ERROR DruidDataSource:1997 - create connection error, url: jdbc:jtds:sqlserver://127.0.01:1433/SC_OA, errorCode 18456, state 28000
 - [ Druid-ConnectionPool-Create-31786849:6698 ]java.sql.SQLException: 用户 'sa' 登录失败。
	at net.sourceforge.jtds.jdbc.SQLDiagnostic.addDiagnostic(SQLDiagnostic.java:368)
	at net.sourceforge.jtds.jdbc.TdsCore.tdsErrorToken(TdsCore.java:2816)
	at net.sourceforge.jtds.jdbc.TdsCore.nextToken(TdsCore.java:2254)
	at net.sourceforge.jtds.jdbc.TdsCore.login(TdsCore.java:602)
	at net.sourceforge.jtds.jdbc.ConnectionJDBC2.<init>(ConnectionJDBC2.java:344)
	at net.sourceforge.jtds.jdbc.ConnectionJDBC3.<init>(ConnectionJDBC3.java:50)
	at net.sourceforge.jtds.jdbc.Driver.connect(Driver.java:182)
	at com.alibaba.druid.filter.FilterChainImpl.connection_connect(FilterChainImpl.java:148)
	at com.alibaba.druid.filter.stat.StatFilter.connection_connect(StatFilter.java:211)
	at com.alibaba.druid.filter.FilterChainImpl.connection_connect(FilterChainImpl.java:142)
	at com.alibaba.druid.pool.DruidAbstractDataSource.createPhysicalConnection(DruidAbstractDataSource.java:1410)
	at com.alibaba.druid.pool.DruidAbstractDataSource.createPhysicalConnection(DruidAbstractDataSource.java:1464)
	at com.alibaba.druid.pool.DruidDataSource$CreateConnectionThread.run(DruidDataSource.java:1995)
17:32:32,575 ERROR DruidDataSource:1997 - create connection error, url: jdbc:jtds:sqlserver://127.0.01:1433/SC_OA, errorCode 18456, state 28000
 - [ Druid-ConnectionPool-Create-31786849:6738 ]java.sql.SQLException: 用户 'sa' 登录失败。
	at net.sourceforge.jtds.jdbc.SQLDiagnostic.addDiagnostic(SQLDiagnostic.java:368)
	at net.sourceforge.jtds.jdbc.TdsCore.tdsErrorToken(TdsCore.java:2816)
	at net.sourceforge.jtds.jdbc.TdsCore.nextToken(TdsCore.java:2254)
	at net.sourceforge.jtds.jdbc.TdsCore.login(TdsCore.java:602)
	at net.sourceforge.jtds.jdbc.ConnectionJDBC2.<init>(ConnectionJDBC2.java:344)
	at net.sourceforge.jtds.jdbc.ConnectionJDBC3.<init>(ConnectionJDBC3.java:50)
	at net.sourceforge.jtds.jdbc.Driver.connect(Driver.java:182)
	at com.alibaba.druid.filter.FilterChainImpl.connection_connect(FilterChainImpl.java:148)
	at com.alibaba.druid.filter.stat.StatFilter.connection_connect(StatFilter.java:211)
	at com.alibaba.druid.filter.FilterChainImpl.connection_connect(FilterChainImpl.java:142)
	at com.alibaba.druid.pool.DruidAbstractDataSource.createPhysicalConnection(DruidAbstractDataSource.java:1410)
	at com.alibaba.druid.pool.DruidAbstractDataSource.createPhysicalConnection(DruidAbstractDataSource.java:1464)
	at com.alibaba.druid.pool.DruidDataSource$CreateConnectionThread.run(DruidDataSource.java:1995)
17:32:32,607 ERROR DruidDataSource:1997 - create connection error, url: jdbc:jtds:sqlserver://127.0.01:1433/SC_OA, errorCode 18456, state 28000
 - [ Druid-ConnectionPool-Create-31786849:6770 ]java.sql.SQLException: 用户 'sa' 登录失败。
	at net.sourceforge.jtds.jdbc.SQLDiagnostic.addDiagnostic(SQLDiagnostic.java:368)
	at net.sourceforge.jtds.jdbc.TdsCore.tdsErrorToken(TdsCore.java:2816)
	at net.sourceforge.jtds.jdbc.TdsCore.nextToken(TdsCore.java:2254)
	at net.sourceforge.jtds.jdbc.TdsCore.login(TdsCore.java:602)
	at net.sourceforge.jtds.jdbc.ConnectionJDBC2.<init>(ConnectionJDBC2.java:344)
	at net.sourceforge.jtds.jdbc.ConnectionJDBC3.<init>(ConnectionJDBC3.java:50)
	at net.sourceforge.jtds.jdbc.Driver.connect(Driver.java:182)
	at com.alibaba.druid.filter.FilterChainImpl.connection_connect(FilterChainImpl.java:148)
	at com.alibaba.druid.filter.stat.StatFilter.connection_connect(StatFilter.java:211)
	at com.alibaba.druid.filter.FilterChainImpl.connection_connect(FilterChainImpl.java:142)
	at com.alibaba.druid.pool.DruidAbstractDataSource.createPhysicalConnection(DruidAbstractDataSource.java:1410)
	at com.alibaba.druid.pool.DruidAbstractDataSource.createPhysicalConnection(DruidAbstractDataSource.java:1464)
	at com.alibaba.druid.pool.DruidDataSource$CreateConnectionThread.run(DruidDataSource.java:1995)
17:32:32,644 ERROR DruidDataSource:1997 - create connection error, url: jdbc:jtds:sqlserver://127.0.01:1433/SC_OA, errorCode 18456, state 28000
 - [ Druid-ConnectionPool-Create-31786849:6807 ]java.sql.SQLException: 用户 'sa' 登录失败。
	at net.sourceforge.jtds.jdbc.SQLDiagnostic.addDiagnostic(SQLDiagnostic.java:368)
	at net.sourceforge.jtds.jdbc.TdsCore.tdsErrorToken(TdsCore.java:2816)
	at net.sourceforge.jtds.jdbc.TdsCore.nextToken(TdsCore.java:2254)
	at net.sourceforge.jtds.jdbc.TdsCore.login(TdsCore.java:602)
	at net.sourceforge.jtds.jdbc.ConnectionJDBC2.<init>(ConnectionJDBC2.java:344)
	at net.sourceforge.jtds.jdbc.ConnectionJDBC3.<init>(ConnectionJDBC3.java:50)
	at net.sourceforge.jtds.jdbc.Driver.connect(Driver.java:182)
	at com.alibaba.druid.filter.FilterChainImpl.connection_connect(FilterChainImpl.java:148)
	at com.alibaba.druid.filter.stat.StatFilter.connection_connect(StatFilter.java:211)
	at com.alibaba.druid.filter.FilterChainImpl.connection_connect(FilterChainImpl.java:142)
	at com.alibaba.druid.pool.DruidAbstractDataSource.createPhysicalConnection(DruidAbstractDataSource.java:1410)
	at com.alibaba.druid.pool.DruidAbstractDataSource.createPhysicalConnection(DruidAbstractDataSource.java:1464)
	at com.alibaba.druid.pool.DruidDataSource$CreateConnectionThread.run(DruidDataSource.java:1995)
17:32:32,678 ERROR DruidDataSource:1997 - create connection error, url: jdbc:jtds:sqlserver://127.0.01:1433/SC_OA, errorCode 18456, state 28000
 - [ Druid-ConnectionPool-Create-31786849:6841 ]java.sql.SQLException: 用户 'sa' 登录失败。
	at net.sourceforge.jtds.jdbc.SQLDiagnostic.addDiagnostic(SQLDiagnostic.java:368)
	at net.sourceforge.jtds.jdbc.TdsCore.tdsErrorToken(TdsCore.java:2816)
	at net.sourceforge.jtds.jdbc.TdsCore.nextToken(TdsCore.java:2254)
	at net.sourceforge.jtds.jdbc.TdsCore.login(TdsCore.java:602)
	at net.sourceforge.jtds.jdbc.ConnectionJDBC2.<init>(ConnectionJDBC2.java:344)
	at net.sourceforge.jtds.jdbc.ConnectionJDBC3.<init>(ConnectionJDBC3.java:50)
	at net.sourceforge.jtds.jdbc.Driver.connect(Driver.java:182)
	at com.alibaba.druid.filter.FilterChainImpl.connection_connect(FilterChainImpl.java:148)
	at com.alibaba.druid.filter.stat.StatFilter.connection_connect(StatFilter.java:211)
	at com.alibaba.druid.filter.FilterChainImpl.connection_connect(FilterChainImpl.java:142)
	at com.alibaba.druid.pool.DruidAbstractDataSource.createPhysicalConnection(DruidAbstractDataSource.java:1410)
	at com.alibaba.druid.pool.DruidAbstractDataSource.createPhysicalConnection(DruidAbstractDataSource.java:1464)
	at com.alibaba.druid.pool.DruidDataSource$CreateConnectionThread.run(DruidDataSource.java:1995)
17:32:32,712 ERROR DruidDataSource:1997 - create connection error, url: jdbc:jtds:sqlserver://127.0.01:1433/SC_OA, errorCode 18456, state 28000
 - [ Druid-ConnectionPool-Create-31786849:6875 ]java.sql.SQLException: 用户 'sa' 登录失败。
	at net.sourceforge.jtds.jdbc.SQLDiagnostic.addDiagnostic(SQLDiagnostic.java:368)
	at net.sourceforge.jtds.jdbc.TdsCore.tdsErrorToken(TdsCore.java:2816)
	at net.sourceforge.jtds.jdbc.TdsCore.nextToken(TdsCore.java:2254)
	at net.sourceforge.jtds.jdbc.TdsCore.login(TdsCore.java:602)
	at net.sourceforge.jtds.jdbc.ConnectionJDBC2.<init>(ConnectionJDBC2.java:344)
	at net.sourceforge.jtds.jdbc.ConnectionJDBC3.<init>(ConnectionJDBC3.java:50)
	at net.sourceforge.jtds.jdbc.Driver.connect(Driver.java:182)
	at com.alibaba.druid.filter.FilterChainImpl.connection_connect(FilterChainImpl.java:148)
	at com.alibaba.druid.filter.stat.StatFilter.connection_connect(StatFilter.java:211)
	at com.alibaba.druid.filter.FilterChainImpl.connection_connect(FilterChainImpl.java:142)
	at com.alibaba.druid.pool.DruidAbstractDataSource.createPhysicalConnection(DruidAbstractDataSource.java:1410)
	at com.alibaba.druid.pool.DruidAbstractDataSource.createPhysicalConnection(DruidAbstractDataSource.java:1464)
	at com.alibaba.druid.pool.DruidDataSource$CreateConnectionThread.run(DruidDataSource.java:1995)
17:32:32,747 ERROR DruidDataSource:1997 - create connection error, url: jdbc:jtds:sqlserver://127.0.01:1433/SC_OA, errorCode 18456, state 28000
 - [ Druid-ConnectionPool-Create-31786849:6910 ]java.sql.SQLException: 用户 'sa' 登录失败。
	at net.sourceforge.jtds.jdbc.SQLDiagnostic.addDiagnostic(SQLDiagnostic.java:368)
	at net.sourceforge.jtds.jdbc.TdsCore.tdsErrorToken(TdsCore.java:2816)
	at net.sourceforge.jtds.jdbc.TdsCore.nextToken(TdsCore.java:2254)
	at net.sourceforge.jtds.jdbc.TdsCore.login(TdsCore.java:602)
	at net.sourceforge.jtds.jdbc.ConnectionJDBC2.<init>(ConnectionJDBC2.java:344)
	at net.sourceforge.jtds.jdbc.ConnectionJDBC3.<init>(ConnectionJDBC3.java:50)
	at net.sourceforge.jtds.jdbc.Driver.connect(Driver.java:182)
	at com.alibaba.druid.filter.FilterChainImpl.connection_connect(FilterChainImpl.java:148)
	at com.alibaba.druid.filter.stat.StatFilter.connection_connect(StatFilter.java:211)
	at com.alibaba.druid.filter.FilterChainImpl.connection_connect(FilterChainImpl.java:142)
	at com.alibaba.druid.pool.DruidAbstractDataSource.createPhysicalConnection(DruidAbstractDataSource.java:1410)
	at com.alibaba.druid.pool.DruidAbstractDataSource.createPhysicalConnection(DruidAbstractDataSource.java:1464)
	at com.alibaba.druid.pool.DruidDataSource$CreateConnectionThread.run(DruidDataSource.java:1995)
17:32:32,779 ERROR DruidDataSource:1997 - create connection error, url: jdbc:jtds:sqlserver://127.0.01:1433/SC_OA, errorCode 18456, state 28000
 - [ Druid-ConnectionPool-Create-31786849:6942 ]java.sql.SQLException: 用户 'sa' 登录失败。
	at net.sourceforge.jtds.jdbc.SQLDiagnostic.addDiagnostic(SQLDiagnostic.java:368)
	at net.sourceforge.jtds.jdbc.TdsCore.tdsErrorToken(TdsCore.java:2816)
	at net.sourceforge.jtds.jdbc.TdsCore.nextToken(TdsCore.java:2254)
	at net.sourceforge.jtds.jdbc.TdsCore.login(TdsCore.java:602)
	at net.sourceforge.jtds.jdbc.ConnectionJDBC2.<init>(ConnectionJDBC2.java:344)
	at net.sourceforge.jtds.jdbc.ConnectionJDBC3.<init>(ConnectionJDBC3.java:50)
	at net.sourceforge.jtds.jdbc.Driver.connect(Driver.java:182)
	at com.alibaba.druid.filter.FilterChainImpl.connection_connect(FilterChainImpl.java:148)
	at com.alibaba.druid.filter.stat.StatFilter.connection_connect(StatFilter.java:211)
	at com.alibaba.druid.filter.FilterChainImpl.connection_connect(FilterChainImpl.java:142)
	at com.alibaba.druid.pool.DruidAbstractDataSource.createPhysicalConnection(DruidAbstractDataSource.java:1410)
	at com.alibaba.druid.pool.DruidAbstractDataSource.createPhysicalConnection(DruidAbstractDataSource.java:1464)
	at com.alibaba.druid.pool.DruidDataSource$CreateConnectionThread.run(DruidDataSource.java:1995)
17:32:32,810 ERROR DruidDataSource:1997 - create connection error, url: jdbc:jtds:sqlserver://127.0.01:1433/SC_OA, errorCode 18456, state 28000
 - [ Druid-ConnectionPool-Create-31786849:6973 ]java.sql.SQLException: 用户 'sa' 登录失败。
	at net.sourceforge.jtds.jdbc.SQLDiagnostic.addDiagnostic(SQLDiagnostic.java:368)
	at net.sourceforge.jtds.jdbc.TdsCore.tdsErrorToken(TdsCore.java:2816)
	at net.sourceforge.jtds.jdbc.TdsCore.nextToken(TdsCore.java:2254)
	at net.sourceforge.jtds.jdbc.TdsCore.login(TdsCore.java:602)
	at net.sourceforge.jtds.jdbc.ConnectionJDBC2.<init>(ConnectionJDBC2.java:344)
	at net.sourceforge.jtds.jdbc.ConnectionJDBC3.<init>(ConnectionJDBC3.java:50)
	at net.sourceforge.jtds.jdbc.Driver.connect(Driver.java:182)
	at com.alibaba.druid.filter.FilterChainImpl.connection_connect(FilterChainImpl.java:148)
	at com.alibaba.druid.filter.stat.StatFilter.connection_connect(StatFilter.java:211)
	at com.alibaba.druid.filter.FilterChainImpl.connection_connect(FilterChainImpl.java:142)
	at com.alibaba.druid.pool.DruidAbstractDataSource.createPhysicalConnection(DruidAbstractDataSource.java:1410)
	at com.alibaba.druid.pool.DruidAbstractDataSource.createPhysicalConnection(DruidAbstractDataSource.java:1464)
	at com.alibaba.druid.pool.DruidDataSource$CreateConnectionThread.run(DruidDataSource.java:1995)
17:32:32,843 ERROR DruidDataSource:1997 - create connection error, url: jdbc:jtds:sqlserver://127.0.01:1433/SC_OA, errorCode 18456, state 28000
 - [ Druid-ConnectionPool-Create-31786849:7006 ]java.sql.SQLException: 用户 'sa' 登录失败。
	at net.sourceforge.jtds.jdbc.SQLDiagnostic.addDiagnostic(SQLDiagnostic.java:368)
	at net.sourceforge.jtds.jdbc.TdsCore.tdsErrorToken(TdsCore.java:2816)
	at net.sourceforge.jtds.jdbc.TdsCore.nextToken(TdsCore.java:2254)
	at net.sourceforge.jtds.jdbc.TdsCore.login(TdsCore.java:602)
	at net.sourceforge.jtds.jdbc.ConnectionJDBC2.<init>(ConnectionJDBC2.java:344)
	at net.sourceforge.jtds.jdbc.ConnectionJDBC3.<init>(ConnectionJDBC3.java:50)
	at net.sourceforge.jtds.jdbc.Driver.connect(Driver.java:182)
	at com.alibaba.druid.filter.FilterChainImpl.connection_connect(FilterChainImpl.java:148)
	at com.alibaba.druid.filter.stat.StatFilter.connection_connect(StatFilter.java:211)
	at com.alibaba.druid.filter.FilterChainImpl.connection_connect(FilterChainImpl.java:142)
	at com.alibaba.druid.pool.DruidAbstractDataSource.createPhysicalConnection(DruidAbstractDataSource.java:1410)
	at com.alibaba.druid.pool.DruidAbstractDataSource.createPhysicalConnection(DruidAbstractDataSource.java:1464)
	at com.alibaba.druid.pool.DruidDataSource$CreateConnectionThread.run(DruidDataSource.java:1995)
17:32:32,875 ERROR DruidDataSource:1997 - create connection error, url: jdbc:jtds:sqlserver://127.0.01:1433/SC_OA, errorCode 18456, state 28000
 - [ Druid-ConnectionPool-Create-31786849:7038 ]java.sql.SQLException: 用户 'sa' 登录失败。
	at net.sourceforge.jtds.jdbc.SQLDiagnostic.addDiagnostic(SQLDiagnostic.java:368)
	at net.sourceforge.jtds.jdbc.TdsCore.tdsErrorToken(TdsCore.java:2816)
	at net.sourceforge.jtds.jdbc.TdsCore.nextToken(TdsCore.java:2254)
	at net.sourceforge.jtds.jdbc.TdsCore.login(TdsCore.java:602)
	at net.sourceforge.jtds.jdbc.ConnectionJDBC2.<init>(ConnectionJDBC2.java:344)
	at net.sourceforge.jtds.jdbc.ConnectionJDBC3.<init>(ConnectionJDBC3.java:50)
	at net.sourceforge.jtds.jdbc.Driver.connect(Driver.java:182)
	at com.alibaba.druid.filter.FilterChainImpl.connection_connect(FilterChainImpl.java:148)
	at com.alibaba.druid.filter.stat.StatFilter.connection_connect(StatFilter.java:211)
	at com.alibaba.druid.filter.FilterChainImpl.connection_connect(FilterChainImpl.java:142)
	at com.alibaba.druid.pool.DruidAbstractDataSource.createPhysicalConnection(DruidAbstractDataSource.java:1410)
	at com.alibaba.druid.pool.DruidAbstractDataSource.createPhysicalConnection(DruidAbstractDataSource.java:1464)
	at com.alibaba.druid.pool.DruidDataSource$CreateConnectionThread.run(DruidDataSource.java:1995)
17:32:32,906 ERROR DruidDataSource:1997 - create connection error, url: jdbc:jtds:sqlserver://127.0.01:1433/SC_OA, errorCode 18456, state 28000
 - [ Druid-ConnectionPool-Create-31786849:7069 ]java.sql.SQLException: 用户 'sa' 登录失败。
	at net.sourceforge.jtds.jdbc.SQLDiagnostic.addDiagnostic(SQLDiagnostic.java:368)
	at net.sourceforge.jtds.jdbc.TdsCore.tdsErrorToken(TdsCore.java:2816)
	at net.sourceforge.jtds.jdbc.TdsCore.nextToken(TdsCore.java:2254)
	at net.sourceforge.jtds.jdbc.TdsCore.login(TdsCore.java:602)
	at net.sourceforge.jtds.jdbc.ConnectionJDBC2.<init>(ConnectionJDBC2.java:344)
	at net.sourceforge.jtds.jdbc.ConnectionJDBC3.<init>(ConnectionJDBC3.java:50)
	at net.sourceforge.jtds.jdbc.Driver.connect(Driver.java:182)
	at com.alibaba.druid.filter.FilterChainImpl.connection_connect(FilterChainImpl.java:148)
	at com.alibaba.druid.filter.stat.StatFilter.connection_connect(StatFilter.java:211)
	at com.alibaba.druid.filter.FilterChainImpl.connection_connect(FilterChainImpl.java:142)
	at com.alibaba.druid.pool.DruidAbstractDataSource.createPhysicalConnection(DruidAbstractDataSource.java:1410)
	at com.alibaba.druid.pool.DruidAbstractDataSource.createPhysicalConnection(DruidAbstractDataSource.java:1464)
	at com.alibaba.druid.pool.DruidDataSource$CreateConnectionThread.run(DruidDataSource.java:1995)
17:32:32,938 ERROR DruidDataSource:1997 - create connection error, url: jdbc:jtds:sqlserver://127.0.01:1433/SC_OA, errorCode 18456, state 28000
 - [ Druid-ConnectionPool-Create-31786849:7101 ]java.sql.SQLException: 用户 'sa' 登录失败。
	at net.sourceforge.jtds.jdbc.SQLDiagnostic.addDiagnostic(SQLDiagnostic.java:368)
	at net.sourceforge.jtds.jdbc.TdsCore.tdsErrorToken(TdsCore.java:2816)
	at net.sourceforge.jtds.jdbc.TdsCore.nextToken(TdsCore.java:2254)
	at net.sourceforge.jtds.jdbc.TdsCore.login(TdsCore.java:602)
	at net.sourceforge.jtds.jdbc.ConnectionJDBC2.<init>(ConnectionJDBC2.java:344)
	at net.sourceforge.jtds.jdbc.ConnectionJDBC3.<init>(ConnectionJDBC3.java:50)
	at net.sourceforge.jtds.jdbc.Driver.connect(Driver.java:182)
	at com.alibaba.druid.filter.FilterChainImpl.connection_connect(FilterChainImpl.java:148)
	at com.alibaba.druid.filter.stat.StatFilter.connection_connect(StatFilter.java:211)
	at com.alibaba.druid.filter.FilterChainImpl.connection_connect(FilterChainImpl.java:142)
	at com.alibaba.druid.pool.DruidAbstractDataSource.createPhysicalConnection(DruidAbstractDataSource.java:1410)
	at com.alibaba.druid.pool.DruidAbstractDataSource.createPhysicalConnection(DruidAbstractDataSource.java:1464)
	at com.alibaba.druid.pool.DruidDataSource$CreateConnectionThread.run(DruidDataSource.java:1995)
17:32:32,968 ERROR DruidDataSource:1997 - create connection error, url: jdbc:jtds:sqlserver://127.0.01:1433/SC_OA, errorCode 18456, state 28000
 - [ Druid-ConnectionPool-Create-31786849:7131 ]java.sql.SQLException: 用户 'sa' 登录失败。
	at net.sourceforge.jtds.jdbc.SQLDiagnostic.addDiagnostic(SQLDiagnostic.java:368)
	at net.sourceforge.jtds.jdbc.TdsCore.tdsErrorToken(TdsCore.java:2816)
	at net.sourceforge.jtds.jdbc.TdsCore.nextToken(TdsCore.java:2254)
	at net.sourceforge.jtds.jdbc.TdsCore.login(TdsCore.java:602)
	at net.sourceforge.jtds.jdbc.ConnectionJDBC2.<init>(ConnectionJDBC2.java:344)
	at net.sourceforge.jtds.jdbc.ConnectionJDBC3.<init>(ConnectionJDBC3.java:50)
	at net.sourceforge.jtds.jdbc.Driver.connect(Driver.java:182)
	at com.alibaba.druid.filter.FilterChainImpl.connection_connect(FilterChainImpl.java:148)
	at com.alibaba.druid.filter.stat.StatFilter.connection_connect(StatFilter.java:211)
	at com.alibaba.druid.filter.FilterChainImpl.connection_connect(FilterChainImpl.java:142)
	at com.alibaba.druid.pool.DruidAbstractDataSource.createPhysicalConnection(DruidAbstractDataSource.java:1410)
	at com.alibaba.druid.pool.DruidAbstractDataSource.createPhysicalConnection(DruidAbstractDataSource.java:1464)
	at com.alibaba.druid.pool.DruidDataSource$CreateConnectionThread.run(DruidDataSource.java:1995)
17:32:32,999 ERROR DruidDataSource:1997 - create connection error, url: jdbc:jtds:sqlserver://127.0.01:1433/SC_OA, errorCode 18456, state 28000
 - [ Druid-ConnectionPool-Create-31786849:7162 ]java.sql.SQLException: 用户 'sa' 登录失败。
	at net.sourceforge.jtds.jdbc.SQLDiagnostic.addDiagnostic(SQLDiagnostic.java:368)
	at net.sourceforge.jtds.jdbc.TdsCore.tdsErrorToken(TdsCore.java:2816)
	at net.sourceforge.jtds.jdbc.TdsCore.nextToken(TdsCore.java:2254)
	at net.sourceforge.jtds.jdbc.TdsCore.login(TdsCore.java:602)
	at net.sourceforge.jtds.jdbc.ConnectionJDBC2.<init>(ConnectionJDBC2.java:344)
	at net.sourceforge.jtds.jdbc.ConnectionJDBC3.<init>(ConnectionJDBC3.java:50)
	at net.sourceforge.jtds.jdbc.Driver.connect(Driver.java:182)
	at com.alibaba.druid.filter.FilterChainImpl.connection_connect(FilterChainImpl.java:148)
	at com.alibaba.druid.filter.stat.StatFilter.connection_connect(StatFilter.java:211)
	at com.alibaba.druid.filter.FilterChainImpl.connection_connect(FilterChainImpl.java:142)
	at com.alibaba.druid.pool.DruidAbstractDataSource.createPhysicalConnection(DruidAbstractDataSource.java:1410)
	at com.alibaba.druid.pool.DruidAbstractDataSource.createPhysicalConnection(DruidAbstractDataSource.java:1464)
	at com.alibaba.druid.pool.DruidDataSource$CreateConnectionThread.run(DruidDataSource.java:1995)
17:32:34,764  WARN runqianReportLogger:34 - 快逸报表中设定的最大并发数超出了授权允许范围，自动设为授权允许的最大线程数！
 - [ localhost-startStop-1:8927 ]17:32:37,747  WARN DruidDataSource:1022 - not full timeout retry : 1
 - [ Timer-1:11910 ]17:32:42,889  WARN Task:585 - Run TaskScript Error: JavaScriptRunning:[TASK(11e6-7d3f-9e44cefe-ad19-33b9c2d18b7b).任务派单提醒.TaskScript]: Wrapped com.alibaba.druid.pool.GetConnectionTimeoutException: wait millis 5000, active 0, maxActive 20 (11e6-7d3f-9e44cefe-ad19-33b9c2d18b7b).任务派单提醒.TaskScript#7)
 - [ Timer-1:17052 ]17:33:03,029 ERROR DruidDataSource:1997 - create connection error, url: jdbc:jtds:sqlserver://127.0.01:1433/SC_OA, errorCode 18456, state 28000
 - [ Druid-ConnectionPool-Create-31786849:37192 ]java.sql.SQLException: 用户 'sa' 登录失败。
	at net.sourceforge.jtds.jdbc.SQLDiagnostic.addDiagnostic(SQLDiagnostic.java:368)
	at net.sourceforge.jtds.jdbc.TdsCore.tdsErrorToken(TdsCore.java:2816)
	at net.sourceforge.jtds.jdbc.TdsCore.nextToken(TdsCore.java:2254)
	at net.sourceforge.jtds.jdbc.TdsCore.login(TdsCore.java:602)
	at net.sourceforge.jtds.jdbc.ConnectionJDBC2.<init>(ConnectionJDBC2.java:344)
	at net.sourceforge.jtds.jdbc.ConnectionJDBC3.<init>(ConnectionJDBC3.java:50)
	at net.sourceforge.jtds.jdbc.Driver.connect(Driver.java:182)
	at com.alibaba.druid.filter.FilterChainImpl.connection_connect(FilterChainImpl.java:148)
	at com.alibaba.druid.filter.stat.StatFilter.connection_connect(StatFilter.java:211)
	at com.alibaba.druid.filter.FilterChainImpl.connection_connect(FilterChainImpl.java:142)
	at com.alibaba.druid.pool.DruidAbstractDataSource.createPhysicalConnection(DruidAbstractDataSource.java:1410)
	at com.alibaba.druid.pool.DruidAbstractDataSource.createPhysicalConnection(DruidAbstractDataSource.java:1464)
	at com.alibaba.druid.pool.DruidDataSource$CreateConnectionThread.run(DruidDataSource.java:1995)
17:33:30,922  WARN DruidDataSource:1022 - not full timeout retry : 1
 - [ http-bio-2235-exec-1:65085 ]17:33:30,926  WARN DruidDataSource:1022 - not full timeout retry : 1
 - [ http-bio-2235-exec-5:65089 ]17:33:32,252  WARN DruidDataSource:1022 - not full timeout retry : 1
 - [ http-bio-2235-exec-10:66415 ]17:33:32,487  WARN DruidDataSource:1022 - not full timeout retry : 1
 - [ http-bio-2235-exec-8:66650 ]17:33:33,084 ERROR DruidDataSource:1997 - create connection error, url: jdbc:jtds:sqlserver://127.0.01:1433/SC_OA, errorCode 18456, state 28000
 - [ Druid-ConnectionPool-Create-31786849:67247 ]java.sql.SQLException: 用户 'sa' 登录失败。
	at net.sourceforge.jtds.jdbc.SQLDiagnostic.addDiagnostic(SQLDiagnostic.java:368)
	at net.sourceforge.jtds.jdbc.TdsCore.tdsErrorToken(TdsCore.java:2816)
	at net.sourceforge.jtds.jdbc.TdsCore.nextToken(TdsCore.java:2254)
	at net.sourceforge.jtds.jdbc.TdsCore.login(TdsCore.java:602)
	at net.sourceforge.jtds.jdbc.ConnectionJDBC2.<init>(ConnectionJDBC2.java:344)
	at net.sourceforge.jtds.jdbc.ConnectionJDBC3.<init>(ConnectionJDBC3.java:50)
	at net.sourceforge.jtds.jdbc.Driver.connect(Driver.java:182)
	at com.alibaba.druid.filter.FilterChainImpl.connection_connect(FilterChainImpl.java:148)
	at com.alibaba.druid.filter.stat.StatFilter.connection_connect(StatFilter.java:211)
	at com.alibaba.druid.filter.FilterChainImpl.connection_connect(FilterChainImpl.java:142)
	at com.alibaba.druid.pool.DruidAbstractDataSource.createPhysicalConnection(DruidAbstractDataSource.java:1410)
	at com.alibaba.druid.pool.DruidAbstractDataSource.createPhysicalConnection(DruidAbstractDataSource.java:1464)
	at com.alibaba.druid.pool.DruidDataSource$CreateConnectionThread.run(DruidDataSource.java:1995)
17:33:36,408  WARN DruidDataSource:1022 - not full timeout retry : 1
 - [ Timer-1:70571 ]17:33:41,431  WARN Task:585 - Run TaskScript Error: JavaScriptRunning:[TASK(11e6-7d3f-5d2adb26-ad19-33b9c2d18b7b).任务派单超时.TaskScript]: Wrapped com.alibaba.druid.pool.GetConnectionTimeoutException: wait millis 5000, active 0, maxActive 20 (11e6-7d3f-5d2adb26-ad19-33b9c2d18b7b).任务派单超时.TaskScript#7)
 - [ Timer-1:75594 ]17:33:43,599  WARN DruidDataSource:1022 - not full timeout retry : 1
 - [ http-bio-2235-exec-1:77762 ]17:33:43,609  WARN DruidDataSource:1022 - not full timeout retry : 1
 - [ http-bio-2235-exec-7:77772 ]17:33:43,615  WARN DruidDataSource:1022 - not full timeout retry : 1
 - [ http-bio-2235-exec-10:77778 ]17:33:43,619  WARN DruidDataSource:1022 - not full timeout retry : 1
 - [ http-bio-2235-exec-5:77782 ]17:33:46,481  WARN DruidDataSource:1022 - not full timeout retry : 1
 - [ Timer-1:80644 ]17:33:51,505  WARN Task:585 - Run TaskScript Error: JavaScriptRunning:[TASK(11e6-7d3f-9e44cefe-ad19-33b9c2d18b7b).任务派单提醒.TaskScript]: Wrapped com.alibaba.druid.pool.GetConnectionTimeoutException: wait millis 5000, active 0, maxActive 20 (11e6-7d3f-9e44cefe-ad19-33b9c2d18b7b).任务派单提醒.TaskScript#7)
 - [ Timer-1:85668 ]17:34:03,108 ERROR DruidDataSource:1997 - create connection error, url: jdbc:jtds:sqlserver://127.0.01:1433/SC_OA, errorCode 18456, state 28000
 - [ Druid-ConnectionPool-Create-31786849:97271 ]java.sql.SQLException: 用户 'sa' 登录失败。
	at net.sourceforge.jtds.jdbc.SQLDiagnostic.addDiagnostic(SQLDiagnostic.java:368)
	at net.sourceforge.jtds.jdbc.TdsCore.tdsErrorToken(TdsCore.java:2816)
	at net.sourceforge.jtds.jdbc.TdsCore.nextToken(TdsCore.java:2254)
	at net.sourceforge.jtds.jdbc.TdsCore.login(TdsCore.java:602)
	at net.sourceforge.jtds.jdbc.ConnectionJDBC2.<init>(ConnectionJDBC2.java:344)
	at net.sourceforge.jtds.jdbc.ConnectionJDBC3.<init>(ConnectionJDBC3.java:50)
	at net.sourceforge.jtds.jdbc.Driver.connect(Driver.java:182)
	at com.alibaba.druid.filter.FilterChainImpl.connection_connect(FilterChainImpl.java:148)
	at com.alibaba.druid.filter.stat.StatFilter.connection_connect(StatFilter.java:211)
	at com.alibaba.druid.filter.FilterChainImpl.connection_connect(FilterChainImpl.java:142)
	at com.alibaba.druid.pool.DruidAbstractDataSource.createPhysicalConnection(DruidAbstractDataSource.java:1410)
	at com.alibaba.druid.pool.DruidAbstractDataSource.createPhysicalConnection(DruidAbstractDataSource.java:1464)
	at com.alibaba.druid.pool.DruidDataSource$CreateConnectionThread.run(DruidDataSource.java:1995)
17:34:33,113 ERROR DruidDataSource:1997 - create connection error, url: jdbc:jtds:sqlserver://127.0.01:1433/SC_OA, errorCode 18456, state 28000
 - [ Druid-ConnectionPool-Create-31786849:127276 ]java.sql.SQLException: 用户 'sa' 登录失败。
	at net.sourceforge.jtds.jdbc.SQLDiagnostic.addDiagnostic(SQLDiagnostic.java:368)
	at net.sourceforge.jtds.jdbc.TdsCore.tdsErrorToken(TdsCore.java:2816)
	at net.sourceforge.jtds.jdbc.TdsCore.nextToken(TdsCore.java:2254)
	at net.sourceforge.jtds.jdbc.TdsCore.login(TdsCore.java:602)
	at net.sourceforge.jtds.jdbc.ConnectionJDBC2.<init>(ConnectionJDBC2.java:344)
	at net.sourceforge.jtds.jdbc.ConnectionJDBC3.<init>(ConnectionJDBC3.java:50)
	at net.sourceforge.jtds.jdbc.Driver.connect(Driver.java:182)
	at com.alibaba.druid.filter.FilterChainImpl.connection_connect(FilterChainImpl.java:148)
	at com.alibaba.druid.filter.stat.StatFilter.connection_connect(StatFilter.java:211)
	at com.alibaba.druid.filter.FilterChainImpl.connection_connect(FilterChainImpl.java:142)
	at com.alibaba.druid.pool.DruidAbstractDataSource.createPhysicalConnection(DruidAbstractDataSource.java:1410)
	at com.alibaba.druid.pool.DruidAbstractDataSource.createPhysicalConnection(DruidAbstractDataSource.java:1464)
	at com.alibaba.druid.pool.DruidDataSource$CreateConnectionThread.run(DruidDataSource.java:1995)
17:34:36,411  WARN DruidDataSource:1022 - not full timeout retry : 1
 - [ Timer-1:130574 ]17:34:41,506  WARN Task:585 - Run TaskScript Error: JavaScriptRunning:[TASK(11e6-7d3f-5d2adb26-ad19-33b9c2d18b7b).任务派单超时.TaskScript]: Wrapped com.alibaba.druid.pool.GetConnectionTimeoutException: wait millis 5000, active 0, maxActive 20 (11e6-7d3f-5d2adb26-ad19-33b9c2d18b7b).任务派单超时.TaskScript#7)
 - [ Timer-1:135669 ]17:34:46,617  WARN DruidDataSource:1022 - not full timeout retry : 1
 - [ Timer-1:140780 ]17:34:51,643  WARN Task:585 - Run TaskScript Error: JavaScriptRunning:[TASK(11e6-7d3f-9e44cefe-ad19-33b9c2d18b7b).任务派单提醒.TaskScript]: Wrapped com.alibaba.druid.pool.GetConnectionTimeoutException: wait millis 5000, active 0, maxActive 20 (11e6-7d3f-9e44cefe-ad19-33b9c2d18b7b).任务派单提醒.TaskScript#7)
 - [ Timer-1:145806 ]17:35:03,126 ERROR DruidDataSource:1997 - create connection error, url: jdbc:jtds:sqlserver://127.0.01:1433/SC_OA, errorCode 18456, state 28000
 - [ Druid-ConnectionPool-Create-31786849:157289 ]java.sql.SQLException: 用户 'sa' 登录失败。
	at net.sourceforge.jtds.jdbc.SQLDiagnostic.addDiagnostic(SQLDiagnostic.java:368)
	at net.sourceforge.jtds.jdbc.TdsCore.tdsErrorToken(TdsCore.java:2816)
	at net.sourceforge.jtds.jdbc.TdsCore.nextToken(TdsCore.java:2254)
	at net.sourceforge.jtds.jdbc.TdsCore.login(TdsCore.java:602)
	at net.sourceforge.jtds.jdbc.ConnectionJDBC2.<init>(ConnectionJDBC2.java:344)
	at net.sourceforge.jtds.jdbc.ConnectionJDBC3.<init>(ConnectionJDBC3.java:50)
	at net.sourceforge.jtds.jdbc.Driver.connect(Driver.java:182)
	at com.alibaba.druid.filter.FilterChainImpl.connection_connect(FilterChainImpl.java:148)
	at com.alibaba.druid.filter.stat.StatFilter.connection_connect(StatFilter.java:211)
	at com.alibaba.druid.filter.FilterChainImpl.connection_connect(FilterChainImpl.java:142)
	at com.alibaba.druid.pool.DruidAbstractDataSource.createPhysicalConnection(DruidAbstractDataSource.java:1410)
	at com.alibaba.druid.pool.DruidAbstractDataSource.createPhysicalConnection(DruidAbstractDataSource.java:1464)
	at com.alibaba.druid.pool.DruidDataSource$CreateConnectionThread.run(DruidDataSource.java:1995)
