JsUtil:业务招待费隐藏
JsUtil:业务招待费隐藏
JsUtil:业务招待费隐藏
JsUtil:业务招待费隐藏
JsUtil:业务招待费隐藏
JsUtil:业务招待费隐藏
JsUtil:业务招待费隐藏
JsUtil:业务招待费隐藏
JsUtil:业务招待费隐藏
JsUtil:业务招待费隐藏
JsUtil:当前文档ID=======11e6-7a1c-1e239542-bd52-89709124d959
JsUtil:标签状态=====null
JsUtil:当前文档ID=======11e6-7a1c-1e239542-bd52-89709124d959
JsUtil:当前文档ID=======11e6-797e-494a87da-b330-155011c6f3cd
JsUtil:标签状态=====立项
JsUtil:update TLK_立项登记 set ITEM_项目状态 = '待启动' where ID = '11e6-797e-494a87da-b330-155011c6f3cd'
JsUtil:当前文档ID=======11e6-797e-494a87da-b330-155011c6f3cd
JsUtil:当前文档ID=======11e6-7a1c-b6036ed9-bd52-89709124d959
JsUtil:标签状态=====null
JsUtil:当前文档ID=======11e6-7a1c-b6036ed9-bd52-89709124d959
JsUtil:当前文档ID=======11e6-7a15-2daef01c-b9b5-b79a886701b5
JsUtil:标签状态=====项目管理审批
JsUtil:update TLK_立项登记 set ITEM_项目状态 = '待启动' where ID = '11e6-7a15-2daef01c-b9b5-b79a886701b5'
JsUtil:当前文档ID=======11e6-7a15-2daef01c-b9b5-b79a886701b5
JsUtil:标签状态=====项目管理审批
JsUtil:update TLK_立项登记 set ITEM_项目状态 = '待启动' where ID = '11e6-7a15-2daef01c-b9b5-b79a886701b5'
JsUtil:当前文档ID=======11e6-7a15-2daef01c-b9b5-b79a886701b5
JsUtil:标签状态=====项目管理审批
JsUtil:update TLK_立项登记 set ITEM_项目状态 = '待启动' where ID = '11e6-7a15-2daef01c-b9b5-b79a886701b5'
JsUtil:当前文档ID=======11e6-7a15-2daef01c-b9b5-b79a886701b5
JsUtil:标签状态=====项目管理审批
JsUtil:update TLK_立项登记 set ITEM_项目状态 = '待启动' where ID = '11e6-7a15-2daef01c-b9b5-b79a886701b5'
JsUtil:当前文档ID=======11e6-7a15-2daef01c-b9b5-b79a886701b5
JsUtil:标签状态=====项目管理审批
JsUtil:update TLK_立项登记 set ITEM_项目状态 = '待启动' where ID = '11e6-7a15-2daef01c-b9b5-b79a886701b5'
JsUtil:当前文档ID=======11e6-7a15-2daef01c-b9b5-b79a886701b5
JsUtil:标签状态=====项目管理审批
JsUtil:update TLK_立项登记 set ITEM_项目状态 = '待启动' where ID = '11e6-7a15-2daef01c-b9b5-b79a886701b5'
JsUtil:当前文档ID=======11e6-7a15-2daef01c-b9b5-b79a886701b5
JsUtil:当前文档ID=======11e6-798a-8fb106fa-b330-155011c6f3cd
JsUtil:标签状态=====项目管理审批
JsUtil:update TLK_立项登记 set ITEM_项目状态 = '待启动' where ID = '11e6-798a-8fb106fa-b330-155011c6f3cd'
JsUtil:当前文档ID=======11e6-798a-8fb106fa-b330-155011c6f3cd
JsUtil:当前文档ID=======11e6-7a1e-776fc5a3-bd52-89709124d959
JsUtil:标签状态=====null
JsUtil:标签状态=====
JsUtil:update TLK_立项登记 set ITEM_项目状态 = '待启动' where ID = '11e6-7a1e-776fc5a3-bd52-89709124d959'
JsUtil:当前文档ID=======11e6-7a1e-776fc5a3-bd52-89709124d959
JsUtil:标签状态=====
JsUtil:当前文档ID=======11e6-7a21-6046c973-bd52-89709124d959
JsUtil:标签状态=====null
JsUtil:标签状态=====
JsUtil:update TLK_立项登记 set ITEM_项目状态 = '待启动' where ID = '11e6-7a21-6046c973-bd52-89709124d959'
JsUtil:当前文档ID=======11e6-7a25-ad55f95e-bd52-89709124d959
JsUtil:标签状态=====null
