JsUtil:定时执行任务开始定时执行任务开始定时执行任务开始定时执行任务开始
JsUtil:定时执行任务开始定时执行任务开始定时执行任务开始定时执行任务开始
org.mozilla.javascript.WrappedException: Wrapped java.sql.SQLException: I/O Error: Connection reset by peer: socket write error (11e6-7d3f-5d2adb26-ad19-33b9c2d18b7b).任务派单超时.TaskScript#7)
	at org.mozilla.javascript.Context.throwAsScriptRuntimeEx(Context.java:1757)
	at org.mozilla.javascript.MemberBox.invoke(MemberBox.java:170)
	at org.mozilla.javascript.NativeJavaMethod.call(NativeJavaMethod.java:243)
	at org.mozilla.javascript.optimizer.OptRuntime.call2(OptRuntime.java:76)
	at org.mozilla.javascript.gen.c25._c0(TASK(11e6-7d3f-5d2adb26-ad19-33b9c2d18b7b).任务派单超时.TaskScript:7)
	at org.mozilla.javascript.gen.c25.call(TASK(11e6-7d3f-5d2adb26-ad19-33b9c2d18b7b).任务派单超时.TaskScript)
	at org.mozilla.javascript.ContextFactory.doTopCall(ContextFactory.java:393)
	at org.mozilla.javascript.ScriptRuntime.doTopCall(ScriptRuntime.java:2834)
	at org.mozilla.javascript.gen.c25.call(TASK(11e6-7d3f-5d2adb26-ad19-33b9c2d18b7b).任务派单超时.TaskScript)
	at org.mozilla.javascript.gen.c25.exec(TASK(11e6-7d3f-5d2adb26-ad19-33b9c2d18b7b).任务派单超时.TaskScript)
	at cn.myapps.core.macro.runner.JavaScriptRunner.run(JavaScriptRunner.java:135)
	at cn.myapps.core.task.ejb.Task.execute(Task.java:582)
	at cn.myapps.util.timer.TimerRunner$1.run(TimerRunner.java:99)
	at java.util.TimerThread.mainLoop(Timer.java:555)
	at java.util.TimerThread.run(Timer.java:505)
Caused by: java.sql.SQLException: I/O Error: Connection reset by peer: socket write error
	at net.sourceforge.jtds.jdbc.TdsCore.executeSQL(TdsCore.java:1052)
	at net.sourceforge.jtds.jdbc.TdsCore.submitSQL(TdsCore.java:898)
	at net.sourceforge.jtds.jdbc.ConnectionJDBC2.setTransactionIsolation(ConnectionJDBC2.java:2135)
	at com.alibaba.druid.filter.FilterChainImpl.connection_setTransactionIsolation(FilterChainImpl.java:633)
	at com.alibaba.druid.filter.FilterAdapter.connection_setTransactionIsolation(FilterAdapter.java:1031)
	at com.alibaba.druid.filter.FilterChainImpl.connection_setTransactionIsolation(FilterChainImpl.java:629)
	at com.alibaba.druid.proxy.jdbc.ConnectionProxyImpl.setTransactionIsolation(ConnectionProxyImpl.java:488)
	at com.alibaba.druid.pool.DruidPooledConnection.setTransactionIsolation(DruidPooledConnection.java:907)
	at cn.myapps.base.ejb.AbstractRunTimeProcessBean.getConnection(AbstractRunTimeProcessBean.java:338)
	at cn.myapps.core.dynaform.document.ejb.DocumentProcessBean.getDAO(DocumentProcessBean.java:1010)
	at cn.myapps.protection.util.WarpProcessFactory$WarpDocumentProcessBean.getDAO(WarpProcessFactory.java:673)
	at cn.myapps.core.dynaform.document.ejb.DocumentProcessBean.queryBySQL(DocumentProcessBean.java:1917)
	at sun.reflect.GeneratedMethodAccessor272.invoke(Unknown Source)
	at sun.reflect.DelegatingMethodAccessorImpl.invoke(DelegatingMethodAccessorImpl.java:43)
	at java.lang.reflect.Method.invoke(Method.java:601)
	at org.mozilla.javascript.MemberBox.invoke(MemberBox.java:155)
	... 13 more
Caused by: java.net.SocketException: Connection reset by peer: socket write error
	at java.net.SocketOutputStream.socketWrite0(Native Method)
	at java.net.SocketOutputStream.socketWrite(SocketOutputStream.java:109)
	at java.net.SocketOutputStream.write(SocketOutputStream.java:153)
	at java.io.DataOutputStream.write(DataOutputStream.java:107)
	at net.sourceforge.jtds.jdbc.SharedSocket.sendNetPacket(SharedSocket.java:671)
	at net.sourceforge.jtds.jdbc.RequestStream.putPacket(RequestStream.java:560)
	at net.sourceforge.jtds.jdbc.RequestStream.flush(RequestStream.java:508)
	at net.sourceforge.jtds.jdbc.TdsCore.executeSQL(TdsCore.java:1039)
	... 28 more
JsUtil:定时执行任务开始定时执行任务开始定时执行任务开始定时执行任务开始
JsUtil:定时执行任务开始定时执行任务开始定时执行任务开始定时执行任务开始
JsUtil:flag===========true
JsUtil:flag===========true
JsUtil:flag===========true
org.mozilla.javascript.WrappedException: Wrapped java.sql.SQLException: 用户 'sa' 登录失败。 (11e6-7d3f-5d2adb26-ad19-33b9c2d18b7b).任务派单超时.TaskScript#7)
	at org.mozilla.javascript.Context.throwAsScriptRuntimeEx(Context.java:1757)
	at org.mozilla.javascript.MemberBox.invoke(MemberBox.java:170)
	at org.mozilla.javascript.NativeJavaMethod.call(NativeJavaMethod.java:243)
	at org.mozilla.javascript.optimizer.OptRuntime.call2(OptRuntime.java:76)
	at org.mozilla.javascript.gen.c25._c0(TASK(11e6-7d3f-5d2adb26-ad19-33b9c2d18b7b).任务派单超时.TaskScript:7)
	at org.mozilla.javascript.gen.c25.call(TASK(11e6-7d3f-5d2adb26-ad19-33b9c2d18b7b).任务派单超时.TaskScript)
	at org.mozilla.javascript.ContextFactory.doTopCall(ContextFactory.java:393)
	at org.mozilla.javascript.ScriptRuntime.doTopCall(ScriptRuntime.java:2834)
	at org.mozilla.javascript.gen.c25.call(TASK(11e6-7d3f-5d2adb26-ad19-33b9c2d18b7b).任务派单超时.TaskScript)
	at org.mozilla.javascript.gen.c25.exec(TASK(11e6-7d3f-5d2adb26-ad19-33b9c2d18b7b).任务派单超时.TaskScript)
	at cn.myapps.core.macro.runner.JavaScriptRunner.run(JavaScriptRunner.java:135)
	at cn.myapps.core.task.ejb.Task.execute(Task.java:582)
	at cn.myapps.util.timer.TimerRunner$1.run(TimerRunner.java:99)
	at java.util.TimerThread.mainLoop(Timer.java:555)
	at java.util.TimerThread.run(Timer.java:505)
Caused by: java.sql.SQLException: 用户 'sa' 登录失败。
	at net.sourceforge.jtds.jdbc.SQLDiagnostic.addDiagnostic(SQLDiagnostic.java:368)
	at net.sourceforge.jtds.jdbc.TdsCore.tdsErrorToken(TdsCore.java:2816)
	at net.sourceforge.jtds.jdbc.TdsCore.nextToken(TdsCore.java:2254)
	at net.sourceforge.jtds.jdbc.TdsCore.login(TdsCore.java:602)
	at net.sourceforge.jtds.jdbc.ConnectionJDBC2.<init>(ConnectionJDBC2.java:344)
	at net.sourceforge.jtds.jdbc.ConnectionJDBC3.<init>(ConnectionJDBC3.java:50)
	at net.sourceforge.jtds.jdbc.Driver.connect(Driver.java:182)
	at com.alibaba.druid.filter.FilterChainImpl.connection_connect(FilterChainImpl.java:148)
	at com.alibaba.druid.filter.stat.StatFilter.connection_connect(StatFilter.java:211)
	at com.alibaba.druid.filter.FilterChainImpl.connection_connect(FilterChainImpl.java:142)
	at com.alibaba.druid.pool.DruidAbstractDataSource.createPhysicalConnection(DruidAbstractDataSource.java:1410)
	at com.alibaba.druid.pool.DruidAbstractDataSource.createPhysicalConnection(DruidAbstractDataSource.java:1464)
	at com.alibaba.druid.pool.DruidDataSource.init(DruidDataSource.java:684)
	at com.alibaba.druid.pool.DruidDataSource.getConnection(DruidDataSource.java:991)
	at com.alibaba.druid.pool.DruidDataSource.getConnection(DruidDataSource.java:987)
	at com.alibaba.druid.pool.DruidDataSource.getConnection(DruidDataSource.java:103)
	at cn.myapps.base.ejb.AbstractRunTimeProcessBean.getConnection(AbstractRunTimeProcessBean.java:333)
	at cn.myapps.core.dynaform.document.ejb.DocumentProcessBean.getDAO(DocumentProcessBean.java:1010)
	at cn.myapps.protection.util.WarpProcessFactory$WarpDocumentProcessBean.getDAO(WarpProcessFactory.java:673)
	at cn.myapps.core.dynaform.document.ejb.DocumentProcessBean.queryBySQL(DocumentProcessBean.java:1917)
	at sun.reflect.NativeMethodAccessorImpl.invoke0(Native Method)
	at sun.reflect.NativeMethodAccessorImpl.invoke(NativeMethodAccessorImpl.java:57)
	at sun.reflect.DelegatingMethodAccessorImpl.invoke(DelegatingMethodAccessorImpl.java:43)
	at java.lang.reflect.Method.invoke(Method.java:601)
	at org.mozilla.javascript.MemberBox.invoke(MemberBox.java:155)
	... 13 more
org.mozilla.javascript.WrappedException: Wrapped com.alibaba.druid.pool.GetConnectionTimeoutException: wait millis 5000, active 0, maxActive 20 (11e6-7d3f-9e44cefe-ad19-33b9c2d18b7b).任务派单提醒.TaskScript#7)
	at org.mozilla.javascript.Context.throwAsScriptRuntimeEx(Context.java:1757)
	at org.mozilla.javascript.MemberBox.invoke(MemberBox.java:170)
	at org.mozilla.javascript.NativeJavaMethod.call(NativeJavaMethod.java:243)
	at org.mozilla.javascript.optimizer.OptRuntime.call2(OptRuntime.java:76)
	at org.mozilla.javascript.gen.c27._c0(TASK(11e6-7d3f-9e44cefe-ad19-33b9c2d18b7b).任务派单提醒.TaskScript:7)
	at org.mozilla.javascript.gen.c27.call(TASK(11e6-7d3f-9e44cefe-ad19-33b9c2d18b7b).任务派单提醒.TaskScript)
	at org.mozilla.javascript.ContextFactory.doTopCall(ContextFactory.java:393)
	at org.mozilla.javascript.ScriptRuntime.doTopCall(ScriptRuntime.java:2834)
	at org.mozilla.javascript.gen.c27.call(TASK(11e6-7d3f-9e44cefe-ad19-33b9c2d18b7b).任务派单提醒.TaskScript)
	at org.mozilla.javascript.gen.c27.exec(TASK(11e6-7d3f-9e44cefe-ad19-33b9c2d18b7b).任务派单提醒.TaskScript)
	at cn.myapps.core.macro.runner.JavaScriptRunner.run(JavaScriptRunner.java:135)
	at cn.myapps.core.task.ejb.Task.execute(Task.java:582)
	at cn.myapps.util.timer.TimerRunner$1.run(TimerRunner.java:99)
	at java.util.TimerThread.mainLoop(Timer.java:555)
	at java.util.TimerThread.run(Timer.java:505)
Caused by: com.alibaba.druid.pool.GetConnectionTimeoutException: wait millis 5000, active 0, maxActive 20
	at com.alibaba.druid.pool.DruidDataSource.getConnectionInternal(DruidDataSource.java:1193)
	at com.alibaba.druid.pool.DruidDataSource.getConnectionDirect(DruidDataSource.java:1017)
	at com.alibaba.druid.filter.FilterChainImpl.dataSource_connect(FilterChainImpl.java:4544)
	at com.alibaba.druid.filter.stat.StatFilter.dataSource_getConnection(StatFilter.java:662)
	at com.alibaba.druid.filter.FilterChainImpl.dataSource_connect(FilterChainImpl.java:4540)
	at com.alibaba.druid.pool.DruidDataSource.getConnection(DruidDataSource.java:995)
	at com.alibaba.druid.pool.DruidDataSource.getConnection(DruidDataSource.java:987)
	at com.alibaba.druid.pool.DruidDataSource.getConnection(DruidDataSource.java:103)
	at cn.myapps.base.ejb.AbstractRunTimeProcessBean.getConnection(AbstractRunTimeProcessBean.java:333)
	at cn.myapps.core.dynaform.document.ejb.DocumentProcessBean.getDAO(DocumentProcessBean.java:1010)
	at cn.myapps.protection.util.WarpProcessFactory$WarpDocumentProcessBean.getDAO(WarpProcessFactory.java:673)
	at cn.myapps.core.dynaform.document.ejb.DocumentProcessBean.queryBySQL(DocumentProcessBean.java:1917)
	at sun.reflect.NativeMethodAccessorImpl.invoke0(Native Method)
	at sun.reflect.NativeMethodAccessorImpl.invoke(NativeMethodAccessorImpl.java:57)
	at sun.reflect.DelegatingMethodAccessorImpl.invoke(DelegatingMethodAccessorImpl.java:43)
	at java.lang.reflect.Method.invoke(Method.java:601)
	at org.mozilla.javascript.MemberBox.invoke(MemberBox.java:155)
	... 13 more
Caused by: java.sql.SQLException: 用户 'sa' 登录失败。
	at net.sourceforge.jtds.jdbc.SQLDiagnostic.addDiagnostic(SQLDiagnostic.java:368)
	at net.sourceforge.jtds.jdbc.TdsCore.tdsErrorToken(TdsCore.java:2816)
	at net.sourceforge.jtds.jdbc.TdsCore.nextToken(TdsCore.java:2254)
	at net.sourceforge.jtds.jdbc.TdsCore.login(TdsCore.java:602)
	at net.sourceforge.jtds.jdbc.ConnectionJDBC2.<init>(ConnectionJDBC2.java:344)
	at net.sourceforge.jtds.jdbc.ConnectionJDBC3.<init>(ConnectionJDBC3.java:50)
	at net.sourceforge.jtds.jdbc.Driver.connect(Driver.java:182)
	at com.alibaba.druid.filter.FilterChainImpl.connection_connect(FilterChainImpl.java:148)
	at com.alibaba.druid.filter.stat.StatFilter.connection_connect(StatFilter.java:211)
	at com.alibaba.druid.filter.FilterChainImpl.connection_connect(FilterChainImpl.java:142)
	at com.alibaba.druid.pool.DruidAbstractDataSource.createPhysicalConnection(DruidAbstractDataSource.java:1410)
	at com.alibaba.druid.pool.DruidAbstractDataSource.createPhysicalConnection(DruidAbstractDataSource.java:1464)
	at com.alibaba.druid.pool.DruidDataSource$CreateConnectionThread.run(DruidDataSource.java:1995)
org.mozilla.javascript.WrappedException: Wrapped com.alibaba.druid.pool.GetConnectionTimeoutException: wait millis 5000, active 0, maxActive 20 (11e6-7d3f-5d2adb26-ad19-33b9c2d18b7b).任务派单超时.TaskScript#7)
	at org.mozilla.javascript.Context.throwAsScriptRuntimeEx(Context.java:1757)
	at org.mozilla.javascript.MemberBox.invoke(MemberBox.java:170)
	at org.mozilla.javascript.NativeJavaMethod.call(NativeJavaMethod.java:243)
	at org.mozilla.javascript.optimizer.OptRuntime.call2(OptRuntime.java:76)
	at org.mozilla.javascript.gen.c25._c0(TASK(11e6-7d3f-5d2adb26-ad19-33b9c2d18b7b).任务派单超时.TaskScript:7)
	at org.mozilla.javascript.gen.c25.call(TASK(11e6-7d3f-5d2adb26-ad19-33b9c2d18b7b).任务派单超时.TaskScript)
	at org.mozilla.javascript.ContextFactory.doTopCall(ContextFactory.java:393)
	at org.mozilla.javascript.ScriptRuntime.doTopCall(ScriptRuntime.java:2834)
	at org.mozilla.javascript.gen.c25.call(TASK(11e6-7d3f-5d2adb26-ad19-33b9c2d18b7b).任务派单超时.TaskScript)
	at org.mozilla.javascript.gen.c25.exec(TASK(11e6-7d3f-5d2adb26-ad19-33b9c2d18b7b).任务派单超时.TaskScript)
	at cn.myapps.core.macro.runner.JavaScriptRunner.run(JavaScriptRunner.java:135)
	at cn.myapps.core.task.ejb.Task.execute(Task.java:582)
	at cn.myapps.util.timer.TimerRunner$1.run(TimerRunner.java:99)
	at java.util.TimerThread.mainLoop(Timer.java:555)
	at java.util.TimerThread.run(Timer.java:505)
Caused by: com.alibaba.druid.pool.GetConnectionTimeoutException: wait millis 5000, active 0, maxActive 20
	at com.alibaba.druid.pool.DruidDataSource.getConnectionInternal(DruidDataSource.java:1193)
	at com.alibaba.druid.pool.DruidDataSource.getConnectionDirect(DruidDataSource.java:1017)
	at com.alibaba.druid.filter.FilterChainImpl.dataSource_connect(FilterChainImpl.java:4544)
	at com.alibaba.druid.filter.stat.StatFilter.dataSource_getConnection(StatFilter.java:662)
	at com.alibaba.druid.filter.FilterChainImpl.dataSource_connect(FilterChainImpl.java:4540)
	at com.alibaba.druid.pool.DruidDataSource.getConnection(DruidDataSource.java:995)
	at com.alibaba.druid.pool.DruidDataSource.getConnection(DruidDataSource.java:987)
	at com.alibaba.druid.pool.DruidDataSource.getConnection(DruidDataSource.java:103)
	at cn.myapps.base.ejb.AbstractRunTimeProcessBean.getConnection(AbstractRunTimeProcessBean.java:333)
	at cn.myapps.core.dynaform.document.ejb.DocumentProcessBean.getDAO(DocumentProcessBean.java:1010)
	at cn.myapps.protection.util.WarpProcessFactory$WarpDocumentProcessBean.getDAO(WarpProcessFactory.java:673)
	at cn.myapps.core.dynaform.document.ejb.DocumentProcessBean.queryBySQL(DocumentProcessBean.java:1917)
	at sun.reflect.NativeMethodAccessorImpl.invoke0(Native Method)
	at sun.reflect.NativeMethodAccessorImpl.invoke(NativeMethodAccessorImpl.java:57)
	at sun.reflect.DelegatingMethodAccessorImpl.invoke(DelegatingMethodAccessorImpl.java:43)
	at java.lang.reflect.Method.invoke(Method.java:601)
	at org.mozilla.javascript.MemberBox.invoke(MemberBox.java:155)
	... 13 more
Caused by: java.sql.SQLException: 用户 'sa' 登录失败。
	at net.sourceforge.jtds.jdbc.SQLDiagnostic.addDiagnostic(SQLDiagnostic.java:368)
	at net.sourceforge.jtds.jdbc.TdsCore.tdsErrorToken(TdsCore.java:2816)
	at net.sourceforge.jtds.jdbc.TdsCore.nextToken(TdsCore.java:2254)
	at net.sourceforge.jtds.jdbc.TdsCore.login(TdsCore.java:602)
	at net.sourceforge.jtds.jdbc.ConnectionJDBC2.<init>(ConnectionJDBC2.java:344)
	at net.sourceforge.jtds.jdbc.ConnectionJDBC3.<init>(ConnectionJDBC3.java:50)
	at net.sourceforge.jtds.jdbc.Driver.connect(Driver.java:182)
	at com.alibaba.druid.filter.FilterChainImpl.connection_connect(FilterChainImpl.java:148)
	at com.alibaba.druid.filter.stat.StatFilter.connection_connect(StatFilter.java:211)
	at com.alibaba.druid.filter.FilterChainImpl.connection_connect(FilterChainImpl.java:142)
	at com.alibaba.druid.pool.DruidAbstractDataSource.createPhysicalConnection(DruidAbstractDataSource.java:1410)
	at com.alibaba.druid.pool.DruidAbstractDataSource.createPhysicalConnection(DruidAbstractDataSource.java:1464)
	at com.alibaba.druid.pool.DruidDataSource$CreateConnectionThread.run(DruidDataSource.java:1995)
org.mozilla.javascript.WrappedException: Wrapped com.alibaba.druid.pool.GetConnectionTimeoutException: wait millis 5000, active 0, maxActive 20 (11e6-7d3f-9e44cefe-ad19-33b9c2d18b7b).任务派单提醒.TaskScript#7)
	at org.mozilla.javascript.Context.throwAsScriptRuntimeEx(Context.java:1757)
	at org.mozilla.javascript.MemberBox.invoke(MemberBox.java:170)
	at org.mozilla.javascript.NativeJavaMethod.call(NativeJavaMethod.java:243)
	at org.mozilla.javascript.optimizer.OptRuntime.call2(OptRuntime.java:76)
	at org.mozilla.javascript.gen.c27._c0(TASK(11e6-7d3f-9e44cefe-ad19-33b9c2d18b7b).任务派单提醒.TaskScript:7)
	at org.mozilla.javascript.gen.c27.call(TASK(11e6-7d3f-9e44cefe-ad19-33b9c2d18b7b).任务派单提醒.TaskScript)
	at org.mozilla.javascript.ContextFactory.doTopCall(ContextFactory.java:393)
	at org.mozilla.javascript.ScriptRuntime.doTopCall(ScriptRuntime.java:2834)
	at org.mozilla.javascript.gen.c27.call(TASK(11e6-7d3f-9e44cefe-ad19-33b9c2d18b7b).任务派单提醒.TaskScript)
	at org.mozilla.javascript.gen.c27.exec(TASK(11e6-7d3f-9e44cefe-ad19-33b9c2d18b7b).任务派单提醒.TaskScript)
	at cn.myapps.core.macro.runner.JavaScriptRunner.run(JavaScriptRunner.java:135)
	at cn.myapps.core.task.ejb.Task.execute(Task.java:582)
	at cn.myapps.util.timer.TimerRunner$1.run(TimerRunner.java:99)
	at java.util.TimerThread.mainLoop(Timer.java:555)
	at java.util.TimerThread.run(Timer.java:505)
Caused by: com.alibaba.druid.pool.GetConnectionTimeoutException: wait millis 5000, active 0, maxActive 20
	at com.alibaba.druid.pool.DruidDataSource.getConnectionInternal(DruidDataSource.java:1193)
	at com.alibaba.druid.pool.DruidDataSource.getConnectionDirect(DruidDataSource.java:1017)
	at com.alibaba.druid.filter.FilterChainImpl.dataSource_connect(FilterChainImpl.java:4544)
	at com.alibaba.druid.filter.stat.StatFilter.dataSource_getConnection(StatFilter.java:662)
	at com.alibaba.druid.filter.FilterChainImpl.dataSource_connect(FilterChainImpl.java:4540)
	at com.alibaba.druid.pool.DruidDataSource.getConnection(DruidDataSource.java:995)
	at com.alibaba.druid.pool.DruidDataSource.getConnection(DruidDataSource.java:987)
	at com.alibaba.druid.pool.DruidDataSource.getConnection(DruidDataSource.java:103)
	at cn.myapps.base.ejb.AbstractRunTimeProcessBean.getConnection(AbstractRunTimeProcessBean.java:333)
	at cn.myapps.core.dynaform.document.ejb.DocumentProcessBean.getDAO(DocumentProcessBean.java:1010)
	at cn.myapps.protection.util.WarpProcessFactory$WarpDocumentProcessBean.getDAO(WarpProcessFactory.java:673)
	at cn.myapps.core.dynaform.document.ejb.DocumentProcessBean.queryBySQL(DocumentProcessBean.java:1917)
	at sun.reflect.NativeMethodAccessorImpl.invoke0(Native Method)
	at sun.reflect.NativeMethodAccessorImpl.invoke(NativeMethodAccessorImpl.java:57)
	at sun.reflect.DelegatingMethodAccessorImpl.invoke(DelegatingMethodAccessorImpl.java:43)
	at java.lang.reflect.Method.invoke(Method.java:601)
	at org.mozilla.javascript.MemberBox.invoke(MemberBox.java:155)
	... 13 more
Caused by: java.sql.SQLException: 用户 'sa' 登录失败。
	at net.sourceforge.jtds.jdbc.SQLDiagnostic.addDiagnostic(SQLDiagnostic.java:368)
	at net.sourceforge.jtds.jdbc.TdsCore.tdsErrorToken(TdsCore.java:2816)
	at net.sourceforge.jtds.jdbc.TdsCore.nextToken(TdsCore.java:2254)
	at net.sourceforge.jtds.jdbc.TdsCore.login(TdsCore.java:602)
	at net.sourceforge.jtds.jdbc.ConnectionJDBC2.<init>(ConnectionJDBC2.java:344)
	at net.sourceforge.jtds.jdbc.ConnectionJDBC3.<init>(ConnectionJDBC3.java:50)
	at net.sourceforge.jtds.jdbc.Driver.connect(Driver.java:182)
	at com.alibaba.druid.filter.FilterChainImpl.connection_connect(FilterChainImpl.java:148)
	at com.alibaba.druid.filter.stat.StatFilter.connection_connect(StatFilter.java:211)
	at com.alibaba.druid.filter.FilterChainImpl.connection_connect(FilterChainImpl.java:142)
	at com.alibaba.druid.pool.DruidAbstractDataSource.createPhysicalConnection(DruidAbstractDataSource.java:1410)
	at com.alibaba.druid.pool.DruidAbstractDataSource.createPhysicalConnection(DruidAbstractDataSource.java:1464)
	at com.alibaba.druid.pool.DruidDataSource$CreateConnectionThread.run(DruidDataSource.java:1995)
org.mozilla.javascript.WrappedException: Wrapped com.alibaba.druid.pool.GetConnectionTimeoutException: wait millis 5000, active 0, maxActive 20 (11e6-7d3f-5d2adb26-ad19-33b9c2d18b7b).任务派单超时.TaskScript#7)
	at org.mozilla.javascript.Context.throwAsScriptRuntimeEx(Context.java:1757)
	at org.mozilla.javascript.MemberBox.invoke(MemberBox.java:170)
	at org.mozilla.javascript.NativeJavaMethod.call(NativeJavaMethod.java:243)
	at org.mozilla.javascript.optimizer.OptRuntime.call2(OptRuntime.java:76)
	at org.mozilla.javascript.gen.c25._c0(TASK(11e6-7d3f-5d2adb26-ad19-33b9c2d18b7b).任务派单超时.TaskScript:7)
	at org.mozilla.javascript.gen.c25.call(TASK(11e6-7d3f-5d2adb26-ad19-33b9c2d18b7b).任务派单超时.TaskScript)
	at org.mozilla.javascript.ContextFactory.doTopCall(ContextFactory.java:393)
	at org.mozilla.javascript.ScriptRuntime.doTopCall(ScriptRuntime.java:2834)
	at org.mozilla.javascript.gen.c25.call(TASK(11e6-7d3f-5d2adb26-ad19-33b9c2d18b7b).任务派单超时.TaskScript)
	at org.mozilla.javascript.gen.c25.exec(TASK(11e6-7d3f-5d2adb26-ad19-33b9c2d18b7b).任务派单超时.TaskScript)
	at cn.myapps.core.macro.runner.JavaScriptRunner.run(JavaScriptRunner.java:135)
	at cn.myapps.core.task.ejb.Task.execute(Task.java:582)
	at cn.myapps.util.timer.TimerRunner$1.run(TimerRunner.java:99)
	at java.util.TimerThread.mainLoop(Timer.java:555)
	at java.util.TimerThread.run(Timer.java:505)
Caused by: com.alibaba.druid.pool.GetConnectionTimeoutException: wait millis 5000, active 0, maxActive 20
	at com.alibaba.druid.pool.DruidDataSource.getConnectionInternal(DruidDataSource.java:1193)
	at com.alibaba.druid.pool.DruidDataSource.getConnectionDirect(DruidDataSource.java:1017)
	at com.alibaba.druid.filter.FilterChainImpl.dataSource_connect(FilterChainImpl.java:4544)
	at com.alibaba.druid.filter.stat.StatFilter.dataSource_getConnection(StatFilter.java:662)
	at com.alibaba.druid.filter.FilterChainImpl.dataSource_connect(FilterChainImpl.java:4540)
	at com.alibaba.druid.pool.DruidDataSource.getConnection(DruidDataSource.java:995)
	at com.alibaba.druid.pool.DruidDataSource.getConnection(DruidDataSource.java:987)
	at com.alibaba.druid.pool.DruidDataSource.getConnection(DruidDataSource.java:103)
	at cn.myapps.base.ejb.AbstractRunTimeProcessBean.getConnection(AbstractRunTimeProcessBean.java:333)
	at cn.myapps.core.dynaform.document.ejb.DocumentProcessBean.getDAO(DocumentProcessBean.java:1010)
	at cn.myapps.protection.util.WarpProcessFactory$WarpDocumentProcessBean.getDAO(WarpProcessFactory.java:673)
	at cn.myapps.core.dynaform.document.ejb.DocumentProcessBean.queryBySQL(DocumentProcessBean.java:1917)
	at sun.reflect.NativeMethodAccessorImpl.invoke0(Native Method)
	at sun.reflect.NativeMethodAccessorImpl.invoke(NativeMethodAccessorImpl.java:57)
	at sun.reflect.DelegatingMethodAccessorImpl.invoke(DelegatingMethodAccessorImpl.java:43)
	at java.lang.reflect.Method.invoke(Method.java:601)
	at org.mozilla.javascript.MemberBox.invoke(MemberBox.java:155)
	... 13 more
Caused by: java.sql.SQLException: 用户 'sa' 登录失败。
	at net.sourceforge.jtds.jdbc.SQLDiagnostic.addDiagnostic(SQLDiagnostic.java:368)
	at net.sourceforge.jtds.jdbc.TdsCore.tdsErrorToken(TdsCore.java:2816)
	at net.sourceforge.jtds.jdbc.TdsCore.nextToken(TdsCore.java:2254)
	at net.sourceforge.jtds.jdbc.TdsCore.login(TdsCore.java:602)
	at net.sourceforge.jtds.jdbc.ConnectionJDBC2.<init>(ConnectionJDBC2.java:344)
	at net.sourceforge.jtds.jdbc.ConnectionJDBC3.<init>(ConnectionJDBC3.java:50)
	at net.sourceforge.jtds.jdbc.Driver.connect(Driver.java:182)
	at com.alibaba.druid.filter.FilterChainImpl.connection_connect(FilterChainImpl.java:148)
	at com.alibaba.druid.filter.stat.StatFilter.connection_connect(StatFilter.java:211)
	at com.alibaba.druid.filter.FilterChainImpl.connection_connect(FilterChainImpl.java:142)
	at com.alibaba.druid.pool.DruidAbstractDataSource.createPhysicalConnection(DruidAbstractDataSource.java:1410)
	at com.alibaba.druid.pool.DruidAbstractDataSource.createPhysicalConnection(DruidAbstractDataSource.java:1464)
	at com.alibaba.druid.pool.DruidDataSource$CreateConnectionThread.run(DruidDataSource.java:1995)
org.mozilla.javascript.WrappedException: Wrapped com.alibaba.druid.pool.GetConnectionTimeoutException: wait millis 5000, active 0, maxActive 20 (11e6-7d3f-9e44cefe-ad19-33b9c2d18b7b).任务派单提醒.TaskScript#7)
	at org.mozilla.javascript.Context.throwAsScriptRuntimeEx(Context.java:1757)
	at org.mozilla.javascript.MemberBox.invoke(MemberBox.java:170)
	at org.mozilla.javascript.NativeJavaMethod.call(NativeJavaMethod.java:243)
	at org.mozilla.javascript.optimizer.OptRuntime.call2(OptRuntime.java:76)
	at org.mozilla.javascript.gen.c27._c0(TASK(11e6-7d3f-9e44cefe-ad19-33b9c2d18b7b).任务派单提醒.TaskScript:7)
	at org.mozilla.javascript.gen.c27.call(TASK(11e6-7d3f-9e44cefe-ad19-33b9c2d18b7b).任务派单提醒.TaskScript)
	at org.mozilla.javascript.ContextFactory.doTopCall(ContextFactory.java:393)
	at org.mozilla.javascript.ScriptRuntime.doTopCall(ScriptRuntime.java:2834)
	at org.mozilla.javascript.gen.c27.call(TASK(11e6-7d3f-9e44cefe-ad19-33b9c2d18b7b).任务派单提醒.TaskScript)
	at org.mozilla.javascript.gen.c27.exec(TASK(11e6-7d3f-9e44cefe-ad19-33b9c2d18b7b).任务派单提醒.TaskScript)
	at cn.myapps.core.macro.runner.JavaScriptRunner.run(JavaScriptRunner.java:135)
	at cn.myapps.core.task.ejb.Task.execute(Task.java:582)
	at cn.myapps.util.timer.TimerRunner$1.run(TimerRunner.java:99)
	at java.util.TimerThread.mainLoop(Timer.java:555)
	at java.util.TimerThread.run(Timer.java:505)
Caused by: com.alibaba.druid.pool.GetConnectionTimeoutException: wait millis 5000, active 0, maxActive 20
	at com.alibaba.druid.pool.DruidDataSource.getConnectionInternal(DruidDataSource.java:1193)
	at com.alibaba.druid.pool.DruidDataSource.getConnectionDirect(DruidDataSource.java:1017)
	at com.alibaba.druid.filter.FilterChainImpl.dataSource_connect(FilterChainImpl.java:4544)
	at com.alibaba.druid.filter.stat.StatFilter.dataSource_getConnection(StatFilter.java:662)
	at com.alibaba.druid.filter.FilterChainImpl.dataSource_connect(FilterChainImpl.java:4540)
	at com.alibaba.druid.pool.DruidDataSource.getConnection(DruidDataSource.java:995)
	at com.alibaba.druid.pool.DruidDataSource.getConnection(DruidDataSource.java:987)
	at com.alibaba.druid.pool.DruidDataSource.getConnection(DruidDataSource.java:103)
	at cn.myapps.base.ejb.AbstractRunTimeProcessBean.getConnection(AbstractRunTimeProcessBean.java:333)
	at cn.myapps.core.dynaform.document.ejb.DocumentProcessBean.getDAO(DocumentProcessBean.java:1010)
	at cn.myapps.protection.util.WarpProcessFactory$WarpDocumentProcessBean.getDAO(WarpProcessFactory.java:673)
	at cn.myapps.core.dynaform.document.ejb.DocumentProcessBean.queryBySQL(DocumentProcessBean.java:1917)
	at sun.reflect.NativeMethodAccessorImpl.invoke0(Native Method)
	at sun.reflect.NativeMethodAccessorImpl.invoke(NativeMethodAccessorImpl.java:57)
	at sun.reflect.DelegatingMethodAccessorImpl.invoke(DelegatingMethodAccessorImpl.java:43)
	at java.lang.reflect.Method.invoke(Method.java:601)
	at org.mozilla.javascript.MemberBox.invoke(MemberBox.java:155)
	... 13 more
Caused by: java.sql.SQLException: 用户 'sa' 登录失败。
	at net.sourceforge.jtds.jdbc.SQLDiagnostic.addDiagnostic(SQLDiagnostic.java:368)
	at net.sourceforge.jtds.jdbc.TdsCore.tdsErrorToken(TdsCore.java:2816)
	at net.sourceforge.jtds.jdbc.TdsCore.nextToken(TdsCore.java:2254)
	at net.sourceforge.jtds.jdbc.TdsCore.login(TdsCore.java:602)
	at net.sourceforge.jtds.jdbc.ConnectionJDBC2.<init>(ConnectionJDBC2.java:344)
	at net.sourceforge.jtds.jdbc.ConnectionJDBC3.<init>(ConnectionJDBC3.java:50)
	at net.sourceforge.jtds.jdbc.Driver.connect(Driver.java:182)
	at com.alibaba.druid.filter.FilterChainImpl.connection_connect(FilterChainImpl.java:148)
	at com.alibaba.druid.filter.stat.StatFilter.connection_connect(StatFilter.java:211)
	at com.alibaba.druid.filter.FilterChainImpl.connection_connect(FilterChainImpl.java:142)
	at com.alibaba.druid.pool.DruidAbstractDataSource.createPhysicalConnection(DruidAbstractDataSource.java:1410)
	at com.alibaba.druid.pool.DruidAbstractDataSource.createPhysicalConnection(DruidAbstractDataSource.java:1464)
	at com.alibaba.druid.pool.DruidDataSource$CreateConnectionThread.run(DruidDataSource.java:1995)
